2025-03-28 17:24:26,207 - api.realtime.websocket.websocket_manager - INFO - line 46 - 웹소켓 매니저가 초기화되었습니다.
2025-03-28 17:24:26,208 - api.realtime.websocket.websocket_manager - INFO - line 56 - 웹소켓 매니저 시작 중...
2025-03-28 17:24:26,236 - api.realtime.websocket.websocket_manager - INFO - line 260 - 웹소켓 연결이 열렸습니다.
2025-03-28 17:24:26,306 - api.realtime.websocket.websocket_manager - INFO - line 299 - 구독 요청 완료: VI__000000
2025-03-28 17:24:32,411 - api.realtime.websocket.websocket_manager - INFO - line 330 - 구독 해제 완료: VI__000000
2025-03-28 17:24:32,418 - api.realtime.websocket.websocket_manager - INFO - line 248 - 웹소켓 연결 종료: {'code': None, 'message': None, 'stats': {'sent': 1, 'received': 1, 'errors': 0}}
2025-03-28 17:24:32,419 - api.realtime.websocket.websocket_manager - INFO - line 110 - 웹소켓 매니저가 중지되었습니다.
2025-03-28 17:24:50,782 - api.realtime.websocket.websocket_manager - INFO - line 46 - 웹소켓 매니저가 초기화되었습니다.
2025-03-28 17:24:50,782 - api.realtime.websocket.websocket_manager - INFO - line 56 - 웹소켓 매니저 시작 중...
2025-03-28 17:24:50,809 - api.realtime.websocket.websocket_manager - INFO - line 260 - 웹소켓 연결이 열렸습니다.
2025-03-28 17:24:50,894 - api.realtime.websocket.websocket_manager - INFO - line 299 - 구독 요청 완료: VI__000000
2025-03-28 17:24:55,927 - api.realtime.websocket.websocket_manager - INFO - line 330 - 구독 해제 완료: VI__000000
2025-03-28 17:24:56,038 - api.realtime.websocket.websocket_manager - INFO - line 248 - 웹소켓 연결 종료: {'code': None, 'message': None, 'stats': {'sent': 1, 'received': 1, 'errors': 0}}
2025-03-28 17:24:56,039 - api.realtime.websocket.websocket_manager - INFO - line 110 - 웹소켓 매니저가 중지되었습니다.
2025-03-28 17:42:05,849 - api.realtime.websocket.websocket_manager - INFO - line 46 - 웹소켓 매니저가 초기화되었습니다.
2025-03-28 17:42:05,850 - api.realtime.websocket.websocket_manager - INFO - line 56 - 웹소켓 매니저 시작 중...
2025-03-28 17:42:05,874 - api.realtime.websocket.websocket_manager - INFO - line 260 - 웹소켓 연결이 열렸습니다.
2025-03-28 17:42:05,948 - api.realtime.websocket.websocket_manager - INFO - line 299 - 구독 요청 완료: VI__000000
2025-03-28 17:43:42,098 - api.realtime.websocket.websocket_manager - INFO - line 330 - 구독 해제 완료: VI__000000
2025-03-28 17:43:42,151 - api.realtime.websocket.websocket_manager - INFO - line 248 - 웹소켓 연결 종료: {'code': None, 'message': None, 'stats': {'sent': 1, 'received': 1, 'errors': 0}}
2025-03-28 17:43:42,151 - api.realtime.websocket.websocket_manager - INFO - line 110 - 웹소켓 매니저가 중지되었습니다.
2025-03-28 17:46:37,971 - api.realtime.websocket.websocket_manager - INFO - line 46 - 웹소켓 매니저가 초기화되었습니다.
2025-03-28 17:46:37,971 - api.realtime.websocket.websocket_manager - INFO - line 56 - 웹소켓 매니저 시작 중...
2025-03-28 17:46:37,996 - api.realtime.websocket.websocket_manager - INFO - line 260 - 웹소켓 연결이 열렸습니다.
2025-03-28 17:46:38,071 - api.realtime.websocket.websocket_manager - INFO - line 299 - 구독 요청 완료: VI__000000
2025-03-28 17:47:41,706 - api.realtime.websocket.websocket_manager - INFO - line 330 - 구독 해제 완료: VI__000000
2025-03-28 17:47:41,809 - api.realtime.websocket.websocket_manager - INFO - line 248 - 웹소켓 연결 종료: {'code': None, 'message': None, 'stats': {'sent': 1, 'received': 1, 'errors': 0}}
2025-03-28 17:47:41,810 - api.realtime.websocket.websocket_manager - INFO - line 110 - 웹소켓 매니저가 중지되었습니다.
2025-03-28 17:48:04,544 - api.realtime.websocket.websocket_manager - INFO - line 46 - 웹소켓 매니저가 초기화되었습니다.
2025-03-28 17:48:04,544 - api.realtime.websocket.websocket_manager - INFO - line 56 - 웹소켓 매니저 시작 중...
2025-03-28 17:48:04,570 - api.realtime.websocket.websocket_manager - INFO - line 260 - 웹소켓 연결이 열렸습니다.
2025-03-28 17:48:04,670 - api.realtime.websocket.websocket_manager - INFO - line 299 - 구독 요청 완료: VI__000000
2025-03-28 17:48:06,888 - api.realtime.websocket.websocket_manager - INFO - line 330 - 구독 해제 완료: VI__000000
2025-03-28 17:48:06,896 - api.realtime.websocket.websocket_manager - INFO - line 110 - 웹소켓 매니저가 중지되었습니다.
2025-03-28 17:48:06,898 - api.realtime.websocket.websocket_manager - INFO - line 248 - 웹소켓 연결 종료: {'code': None, 'message': None, 'stats': {'sent': 1, 'received': 1, 'errors': 0}}
2025-03-28 17:48:59,786 - api.realtime.websocket.websocket_manager - INFO - line 46 - 웹소켓 매니저가 초기화되었습니다.
2025-03-28 17:48:59,787 - api.realtime.websocket.websocket_manager - INFO - line 56 - 웹소켓 매니저 시작 중...
2025-03-28 17:48:59,814 - api.realtime.websocket.websocket_manager - INFO - line 260 - 웹소켓 연결이 열렸습니다.
2025-03-28 17:48:59,888 - api.realtime.websocket.websocket_manager - INFO - line 299 - 구독 요청 완료: VI__000000
2025-03-28 17:49:03,330 - api.realtime.websocket.websocket_manager - INFO - line 330 - 구독 해제 완료: VI__000000
2025-03-28 17:49:03,340 - api.realtime.websocket.websocket_manager - INFO - line 248 - 웹소켓 연결 종료: {'code': None, 'message': None, 'stats': {'sent': 1, 'received': 1, 'errors': 0}}
2025-03-28 17:49:03,340 - api.realtime.websocket.websocket_manager - INFO - line 110 - 웹소켓 매니저가 중지되었습니다.
2025-03-28 17:50:58,165 - api.realtime.websocket.websocket_manager - INFO - line 46 - 웹소켓 매니저가 초기화되었습니다.
2025-03-28 17:50:58,165 - api.realtime.websocket.websocket_manager - INFO - line 56 - 웹소켓 매니저 시작 중...
2025-03-28 17:50:58,190 - api.realtime.websocket.websocket_manager - INFO - line 260 - 웹소켓 연결이 열렸습니다.
2025-03-28 17:50:58,287 - api.realtime.websocket.websocket_manager - INFO - line 299 - 구독 요청 완료: VI__000000
2025-03-28 17:51:00,323 - api.realtime.websocket.websocket_manager - INFO - line 330 - 구독 해제 완료: VI__000000
2025-03-28 17:51:00,344 - api.realtime.websocket.websocket_manager - INFO - line 248 - 웹소켓 연결 종료: {'code': None, 'message': None, 'stats': {'sent': 1, 'received': 1, 'errors': 0}}
2025-03-28 17:51:00,344 - api.realtime.websocket.websocket_manager - INFO - line 110 - 웹소켓 매니저가 중지되었습니다.
2025-03-28 17:51:36,902 - api.realtime.websocket.websocket_manager - INFO - line 46 - 웹소켓 매니저가 초기화되었습니다.
2025-03-28 17:51:36,902 - api.realtime.websocket.websocket_manager - INFO - line 56 - 웹소켓 매니저 시작 중...
2025-03-28 17:51:36,948 - api.realtime.websocket.websocket_manager - INFO - line 260 - 웹소켓 연결이 열렸습니다.
2025-03-28 17:51:37,021 - api.realtime.websocket.websocket_manager - INFO - line 299 - 구독 요청 완료: K3__020180
2025-03-28 17:51:39,438 - api.realtime.websocket.websocket_manager - INFO - line 330 - 구독 해제 완료: K3__020180
2025-03-28 17:52:49,961 - api.realtime.websocket.websocket_manager - INFO - line 46 - 웹소켓 매니저가 초기화되었습니다.
2025-03-28 17:52:49,962 - api.realtime.websocket.websocket_manager - INFO - line 56 - 웹소켓 매니저 시작 중...
2025-03-28 17:52:50,007 - api.realtime.websocket.websocket_manager - INFO - line 260 - 웹소켓 연결이 열렸습니다.
2025-03-28 17:52:50,088 - api.realtime.websocket.websocket_manager - INFO - line 299 - 구독 요청 완료: K3__020180
2025-03-28 17:52:55,514 - api.realtime.websocket.websocket_manager - INFO - line 330 - 구독 해제 완료: K3__020180
2025-03-28 17:52:58,908 - api.realtime.websocket.websocket_manager - INFO - line 46 - 웹소켓 매니저가 초기화되었습니다.
2025-03-28 17:52:58,908 - api.realtime.websocket.websocket_manager - INFO - line 56 - 웹소켓 매니저 시작 중...
2025-03-28 17:52:58,937 - api.realtime.websocket.websocket_manager - INFO - line 260 - 웹소켓 연결이 열렸습니다.
2025-03-28 17:52:59,012 - api.realtime.websocket.websocket_manager - INFO - line 299 - 구독 요청 완료: VI__000000
2025-03-28 17:53:02,468 - api.realtime.websocket.websocket_manager - INFO - line 330 - 구독 해제 완료: VI__000000
2025-03-28 17:53:02,557 - api.realtime.websocket.websocket_manager - INFO - line 248 - 웹소켓 연결 종료: {'code': None, 'message': None, 'stats': {'sent': 1, 'received': 1, 'errors': 0}}
2025-03-28 17:53:02,558 - api.realtime.websocket.websocket_manager - INFO - line 110 - 웹소켓 매니저가 중지되었습니다.
2025-03-28 17:55:46,610 - api.realtime.websocket.websocket_manager - INFO - line 46 - 웹소켓 매니저가 초기화되었습니다.
2025-03-28 17:55:46,611 - api.realtime.websocket.websocket_manager - INFO - line 56 - 웹소켓 매니저 시작 중...
2025-03-28 17:55:46,636 - api.realtime.websocket.websocket_manager - INFO - line 260 - 웹소켓 연결이 열렸습니다.
2025-03-28 17:55:46,727 - api.realtime.websocket.websocket_manager - INFO - line 299 - 구독 요청 완료: VI__000000
2025-03-28 17:55:51,424 - api.realtime.websocket.websocket_manager - INFO - line 330 - 구독 해제 완료: VI__000000
2025-03-28 17:55:51,478 - api.realtime.websocket.websocket_manager - INFO - line 248 - 웹소켓 연결 종료: {'code': None, 'message': None, 'stats': {'sent': 1, 'received': 1, 'errors': 0}}
2025-03-28 17:55:51,479 - api.realtime.websocket.websocket_manager - INFO - line 110 - 웹소켓 매니저가 중지되었습니다.
2025-03-28 17:56:27,401 - api.realtime.websocket.websocket_manager - INFO - line 46 - 웹소켓 매니저가 초기화되었습니다.
2025-03-28 17:56:27,401 - api.realtime.websocket.websocket_manager - INFO - line 56 - 웹소켓 매니저 시작 중...
2025-03-28 17:56:27,428 - api.realtime.websocket.websocket_manager - INFO - line 260 - 웹소켓 연결이 열렸습니다.
2025-03-28 17:56:27,525 - api.realtime.websocket.websocket_manager - INFO - line 299 - 구독 요청 완료: VI__000000
2025-03-28 17:56:42,677 - api.realtime.websocket.websocket_manager - INFO - line 330 - 구독 해제 완료: VI__000000
2025-03-28 17:56:42,739 - api.realtime.websocket.websocket_manager - INFO - line 248 - 웹소켓 연결 종료: {'code': None, 'message': None, 'stats': {'sent': 1, 'received': 1, 'errors': 0}}
2025-03-28 17:56:42,739 - api.realtime.websocket.websocket_manager - INFO - line 110 - 웹소켓 매니저가 중지되었습니다.
