2025-03-28 17:33:10,184 - strategy.base_strategy.VI_Monitoring - INFO - line 43 - 전략 초기화 시작...
2025-03-28 17:33:10,187 - strategy.base_strategy.VI_Monitoring - INFO - line 57 - 전략 초기화 완료
2025-03-28 17:33:10,187 - strategy.base_strategy.VI_Monitoring - WARNING - line 103 - 이미 전략이 실행 중입니다.
2025-03-28 17:33:10,187 - strategy.base_strategy.VI_Monitoring - ERROR - line 129 - 전략 실행 실패: None
2025-03-28 17:33:10,188 - strategy.base_strategy.VI_Monitoring - INFO - line 130 - VI_Monitoring 전략이 정상적으로 종료되었습니다
2025-03-28 17:40:30,422 - strategy.base_strategy.VI_Monitoring - INFO - line 119 - 전략 실행 시작...
2025-03-28 17:40:30,423 - strategy.base_strategy.VI_Monitoring - INFO - line 122 - 초기화 시작...
2025-03-28 17:40:30,423 - strategy.base_strategy.VI_Monitoring - INFO - line 43 - 전략 초기화 시작...
2025-03-28 17:40:30,427 - strategy.base_strategy.VI_Monitoring - INFO - line 57 - 전략 초기화 완료
2025-03-28 17:40:30,427 - strategy.base_strategy.VI_Monitoring - INFO - line 128 - 전략 시작...
2025-03-28 17:40:30,427 - strategy.base_strategy.VI_Monitoring - WARNING - line 92 - 이미 전략이 실행 중입니다.
2025-03-28 17:40:30,427 - strategy.base_strategy.VI_Monitoring - ERROR - line 130 - 전략 실행 실패: None
2025-03-28 17:40:30,428 - strategy.base_strategy.VI_Monitoring - INFO - line 147 - 전략 실행 종료
2025-03-28 17:40:30,428 - strategy.base_strategy.VI_Monitoring - INFO - line 130 - VI_Monitoring 전략이 정상적으로 종료되었습니다
2025-03-28 17:42:04,907 - strategy.base_strategy.VI_Monitoring - INFO - line 119 - 전략 실행 시작...
2025-03-28 17:42:04,907 - strategy.base_strategy.VI_Monitoring - INFO - line 122 - 초기화 시작...
2025-03-28 17:42:04,908 - strategy.base_strategy.VI_Monitoring - INFO - line 43 - 전략 초기화 시작...
2025-03-28 17:42:04,910 - strategy.base_strategy.VI_Monitoring - INFO - line 57 - 전략 초기화 완료
2025-03-28 17:42:04,910 - strategy.base_strategy.VI_Monitoring - INFO - line 128 - 시장 데이터 로드 시작...
2025-03-28 17:42:04,911 - strategy.base_strategy.VI_Monitoring - INFO - line 158 - 시장 데이터 로드 시작...
2025-03-28 17:42:05,846 - strategy.base_strategy.VI_Monitoring - INFO - line 173 - 시장 데이터 로드 완료 (코스피: 2314, 코스닥: 1795)
2025-03-28 17:42:05,847 - strategy.base_strategy.VI_Monitoring - INFO - line 134 - VI 모니터링 시작...
2025-03-28 17:42:05,847 - strategy.base_strategy.VI_Monitoring - INFO - line 187 - VI 모니터링 시작 중...
2025-03-28 17:42:05,949 - strategy.base_strategy.VI_Monitoring - INFO - line 209 - VI 모니터링이 시작되었습니다
2025-03-28 17:42:05,950 - strategy.base_strategy.VI_Monitoring - INFO - line 140 - 모니터링 유지 중...
2025-03-28 17:42:05,969 - strategy.base_strategy.VI_Monitoring - INFO - line 228 - VI 응답: 정상처리되었습니다
2025-03-28 17:43:42,152 - strategy.base_strategy.VI_Monitoring - INFO - line 120 - VI_Monitoring 전략 중지
2025-03-28 17:43:42,153 - strategy.base_strategy.VI_Monitoring - INFO - line 83 - VI 모니터링 전략이 중지되었습니다
2025-03-28 17:43:42,991 - strategy.base_strategy.VI_Monitoring - INFO - line 153 - 전략 실행 종료
2025-03-28 17:43:42,992 - strategy.base_strategy.VI_Monitoring - INFO - line 130 - VI_Monitoring 전략이 정상적으로 종료되었습니다
2025-03-28 17:46:37,030 - strategy.base_strategy.VI_Monitoring - INFO - line 119 - 전략 실행 시작...
2025-03-28 17:46:37,031 - strategy.base_strategy.VI_Monitoring - INFO - line 122 - 초기화 시작...
2025-03-28 17:46:37,031 - strategy.base_strategy.VI_Monitoring - INFO - line 43 - 전략 초기화 시작...
2025-03-28 17:46:37,034 - strategy.base_strategy.VI_Monitoring - INFO - line 57 - 전략 초기화 완료
2025-03-28 17:46:37,035 - strategy.base_strategy.VI_Monitoring - INFO - line 128 - 시장 데이터 로드 시작...
2025-03-28 17:46:37,035 - strategy.base_strategy.VI_Monitoring - INFO - line 158 - 시장 데이터 로드 시작...
2025-03-28 17:46:37,968 - strategy.base_strategy.VI_Monitoring - INFO - line 173 - 시장 데이터 로드 완료 (코스피: 2314, 코스닥: 1795)
2025-03-28 17:46:37,969 - strategy.base_strategy.VI_Monitoring - INFO - line 134 - VI 모니터링 시작...
2025-03-28 17:46:37,969 - strategy.base_strategy.VI_Monitoring - INFO - line 187 - VI 모니터링 시작 중...
2025-03-28 17:46:38,072 - strategy.base_strategy.VI_Monitoring - INFO - line 209 - VI 모니터링이 시작되었습니다
2025-03-28 17:46:38,072 - strategy.base_strategy.VI_Monitoring - INFO - line 140 - 모니터링 유지 중...
2025-03-28 17:46:38,090 - strategy.base_strategy.VI_Monitoring - INFO - line 228 - VI 응답: 정상처리되었습니다
2025-03-28 17:47:41,811 - strategy.base_strategy.VI_Monitoring - INFO - line 120 - VI_Monitoring 전략 중지
2025-03-28 17:47:41,812 - strategy.base_strategy.VI_Monitoring - INFO - line 83 - VI 모니터링 전략이 중지되었습니다
2025-03-28 17:47:42,762 - strategy.base_strategy.VI_Monitoring - INFO - line 153 - 전략 실행 종료
2025-03-28 17:47:42,762 - strategy.base_strategy.VI_Monitoring - INFO - line 130 - VI_Monitoring 전략이 정상적으로 종료되었습니다
2025-03-28 17:48:58,868 - strategy.base_strategy.VI_Monitoring - INFO - line 119 - 전략 실행 시작...
2025-03-28 17:48:58,868 - strategy.base_strategy.VI_Monitoring - INFO - line 122 - 초기화 시작...
2025-03-28 17:48:58,869 - strategy.base_strategy.VI_Monitoring - INFO - line 43 - 전략 초기화 시작...
2025-03-28 17:48:58,871 - strategy.base_strategy.VI_Monitoring - INFO - line 57 - 전략 초기화 완료
2025-03-28 17:48:58,871 - strategy.base_strategy.VI_Monitoring - INFO - line 128 - 시장 데이터 로드 시작...
2025-03-28 17:48:58,872 - strategy.base_strategy.VI_Monitoring - INFO - line 158 - 시장 데이터 로드 시작...
2025-03-28 17:48:59,783 - strategy.base_strategy.VI_Monitoring - INFO - line 173 - 시장 데이터 로드 완료 (코스피: 2314, 코스닥: 1795)
2025-03-28 17:48:59,784 - strategy.base_strategy.VI_Monitoring - INFO - line 134 - VI 모니터링 시작...
2025-03-28 17:48:59,784 - strategy.base_strategy.VI_Monitoring - INFO - line 187 - VI 모니터링 시작 중...
2025-03-28 17:48:59,889 - strategy.base_strategy.VI_Monitoring - INFO - line 209 - VI 모니터링이 시작되었습니다
2025-03-28 17:48:59,890 - strategy.base_strategy.VI_Monitoring - INFO - line 140 - 모니터링 유지 중...
2025-03-28 17:48:59,898 - strategy.base_strategy.VI_Monitoring - INFO - line 228 - VI 응답: 정상처리되었습니다
2025-03-28 17:49:03,341 - strategy.base_strategy.VI_Monitoring - INFO - line 120 - VI_Monitoring 전략 중지
2025-03-28 17:49:03,342 - strategy.base_strategy.VI_Monitoring - INFO - line 83 - VI 모니터링 전략이 중지되었습니다
2025-03-28 17:49:03,910 - strategy.base_strategy.VI_Monitoring - INFO - line 153 - 전략 실행 종료
2025-03-28 17:49:03,913 - strategy.base_strategy.VI_Monitoring - INFO - line 130 - VI_Monitoring 전략이 정상적으로 종료되었습니다
2025-03-28 17:50:57,204 - strategy.base_strategy.VI_Monitoring - INFO - line 119 - 전략 실행 시작...
2025-03-28 17:50:57,204 - strategy.base_strategy.VI_Monitoring - INFO - line 122 - 초기화 시작...
2025-03-28 17:50:57,205 - strategy.base_strategy.VI_Monitoring - INFO - line 43 - 전략 초기화 시작...
2025-03-28 17:50:57,207 - strategy.base_strategy.VI_Monitoring - INFO - line 57 - 전략 초기화 완료
2025-03-28 17:50:57,208 - strategy.base_strategy.VI_Monitoring - INFO - line 128 - 시장 데이터 로드 시작...
2025-03-28 17:50:57,208 - strategy.base_strategy.VI_Monitoring - INFO - line 158 - 시장 데이터 로드 시작...
2025-03-28 17:50:58,160 - strategy.base_strategy.VI_Monitoring - INFO - line 173 - 시장 데이터 로드 완료 (코스피: 2314, 코스닥: 1795)
2025-03-28 17:50:58,161 - strategy.base_strategy.VI_Monitoring - INFO - line 134 - VI 모니터링 시작...
2025-03-28 17:50:58,161 - strategy.base_strategy.VI_Monitoring - INFO - line 187 - VI 모니터링 시작 중...
2025-03-28 17:50:58,289 - strategy.base_strategy.VI_Monitoring - INFO - line 209 - VI 모니터링이 시작되었습니다
2025-03-28 17:50:58,290 - strategy.base_strategy.VI_Monitoring - INFO - line 140 - 모니터링 유지 중...
2025-03-28 17:50:58,309 - strategy.base_strategy.VI_Monitoring - INFO - line 228 - VI 응답: 정상처리되었습니다
2025-03-28 17:51:00,345 - strategy.base_strategy.VI_Monitoring - INFO - line 120 - VI_Monitoring 전략 중지
2025-03-28 17:51:00,345 - strategy.base_strategy.VI_Monitoring - INFO - line 83 - VI 모니터링 전략이 중지되었습니다
2025-03-28 17:51:01,302 - strategy.base_strategy.VI_Monitoring - INFO - line 153 - 전략 실행 종료
2025-03-28 17:51:01,306 - strategy.base_strategy.VI_Monitoring - INFO - line 130 - VI_Monitoring 전략이 정상적으로 종료되었습니다
2025-03-28 17:52:57,990 - strategy.base_strategy.VI_Monitoring - INFO - line 119 - 전략 실행 시작...
2025-03-28 17:52:57,990 - strategy.base_strategy.VI_Monitoring - INFO - line 122 - 초기화 시작...
2025-03-28 17:52:57,990 - strategy.base_strategy.VI_Monitoring - INFO - line 43 - 전략 초기화 시작...
2025-03-28 17:52:57,993 - strategy.base_strategy.VI_Monitoring - INFO - line 57 - 전략 초기화 완료
2025-03-28 17:52:57,993 - strategy.base_strategy.VI_Monitoring - INFO - line 128 - 시장 데이터 로드 시작...
2025-03-28 17:52:57,994 - strategy.base_strategy.VI_Monitoring - INFO - line 158 - 시장 데이터 로드 시작...
2025-03-28 17:52:58,905 - strategy.base_strategy.VI_Monitoring - INFO - line 173 - 시장 데이터 로드 완료 (코스피: 2314, 코스닥: 1795)
2025-03-28 17:52:58,906 - strategy.base_strategy.VI_Monitoring - INFO - line 134 - VI 모니터링 시작...
2025-03-28 17:52:58,906 - strategy.base_strategy.VI_Monitoring - INFO - line 187 - VI 모니터링 시작 중...
2025-03-28 17:52:59,014 - strategy.base_strategy.VI_Monitoring - INFO - line 209 - VI 모니터링이 시작되었습니다
2025-03-28 17:52:59,015 - strategy.base_strategy.VI_Monitoring - INFO - line 140 - 모니터링 유지 중...
2025-03-28 17:52:59,023 - strategy.base_strategy.VI_Monitoring - INFO - line 228 - VI 응답: 정상처리되었습니다
2025-03-28 17:53:02,559 - strategy.base_strategy.VI_Monitoring - INFO - line 120 - VI_Monitoring 전략 중지
2025-03-28 17:53:02,560 - strategy.base_strategy.VI_Monitoring - INFO - line 83 - VI 모니터링 전략이 중지되었습니다
2025-03-28 17:53:03,071 - strategy.base_strategy.VI_Monitoring - INFO - line 153 - 전략 실행 종료
2025-03-28 17:53:03,072 - strategy.base_strategy.VI_Monitoring - INFO - line 130 - VI_Monitoring 전략이 정상적으로 종료되었습니다
2025-03-28 17:55:45,694 - strategy.base_strategy.VI_Monitoring - INFO - line 119 - 전략 실행 시작...
2025-03-28 17:55:45,694 - strategy.base_strategy.VI_Monitoring - INFO - line 122 - 초기화 시작...
2025-03-28 17:55:45,694 - strategy.base_strategy.VI_Monitoring - INFO - line 43 - 전략 초기화 시작...
2025-03-28 17:55:45,697 - strategy.base_strategy.VI_Monitoring - INFO - line 57 - 전략 초기화 완료
2025-03-28 17:55:45,697 - strategy.base_strategy.VI_Monitoring - INFO - line 128 - 시장 데이터 로드 시작...
2025-03-28 17:55:45,697 - strategy.base_strategy.VI_Monitoring - INFO - line 158 - 시장 데이터 로드 시작...
2025-03-28 17:55:46,607 - strategy.base_strategy.VI_Monitoring - INFO - line 173 - 시장 데이터 로드 완료 (코스피: 2314, 코스닥: 1795)
2025-03-28 17:55:46,607 - strategy.base_strategy.VI_Monitoring - INFO - line 134 - VI 모니터링 시작...
2025-03-28 17:55:46,608 - strategy.base_strategy.VI_Monitoring - INFO - line 187 - VI 모니터링 시작 중...
2025-03-28 17:55:46,730 - strategy.base_strategy.VI_Monitoring - INFO - line 209 - VI 모니터링이 시작되었습니다
2025-03-28 17:55:46,731 - strategy.base_strategy.VI_Monitoring - INFO - line 140 - 모니터링 유지 중...
2025-03-28 17:55:46,738 - strategy.base_strategy.VI_Monitoring - INFO - line 228 - VI 응답: 정상처리되었습니다
2025-03-28 17:55:51,479 - strategy.base_strategy.VI_Monitoring - INFO - line 120 - VI_Monitoring 전략 중지
2025-03-28 17:55:51,480 - strategy.base_strategy.VI_Monitoring - INFO - line 83 - VI 모니터링 전략이 중지되었습니다
2025-03-28 17:55:51,792 - strategy.base_strategy.VI_Monitoring - INFO - line 153 - 전략 실행 종료
2025-03-28 17:55:51,796 - strategy.base_strategy.VI_Monitoring - INFO - line 130 - VI_Monitoring 전략이 정상적으로 종료되었습니다
2025-03-28 17:56:26,497 - strategy.base_strategy.VI_Monitoring - INFO - line 119 - 전략 실행 시작...
2025-03-28 17:56:26,498 - strategy.base_strategy.VI_Monitoring - INFO - line 122 - 초기화 시작...
2025-03-28 17:56:26,498 - strategy.base_strategy.VI_Monitoring - INFO - line 43 - 전략 초기화 시작...
2025-03-28 17:56:26,500 - strategy.base_strategy.VI_Monitoring - INFO - line 57 - 전략 초기화 완료
2025-03-28 17:56:26,501 - strategy.base_strategy.VI_Monitoring - INFO - line 128 - 시장 데이터 로드 시작...
2025-03-28 17:56:26,501 - strategy.base_strategy.VI_Monitoring - INFO - line 158 - 시장 데이터 로드 시작...
2025-03-28 17:56:27,398 - strategy.base_strategy.VI_Monitoring - INFO - line 173 - 시장 데이터 로드 완료 (코스피: 2314, 코스닥: 1795)
2025-03-28 17:56:27,398 - strategy.base_strategy.VI_Monitoring - INFO - line 134 - VI 모니터링 시작...
2025-03-28 17:56:27,399 - strategy.base_strategy.VI_Monitoring - INFO - line 187 - VI 모니터링 시작 중...
2025-03-28 17:56:27,527 - strategy.base_strategy.VI_Monitoring - INFO - line 209 - VI 모니터링이 시작되었습니다
2025-03-28 17:56:27,528 - strategy.base_strategy.VI_Monitoring - INFO - line 140 - 모니터링 유지 중...
2025-03-28 17:56:27,538 - strategy.base_strategy.VI_Monitoring - INFO - line 228 - VI 응답: 정상처리되었습니다
2025-03-28 17:56:42,740 - strategy.base_strategy.VI_Monitoring - INFO - line 120 - VI_Monitoring 전략 중지
2025-03-28 17:56:42,741 - strategy.base_strategy.VI_Monitoring - INFO - line 83 - VI 모니터링 전략이 중지되었습니다
2025-03-28 17:56:43,749 - strategy.base_strategy.VI_Monitoring - INFO - line 153 - 전략 실행 종료
2025-03-28 17:56:43,752 - strategy.base_strategy.VI_Monitoring - INFO - line 130 - VI_Monitoring 전략이 정상적으로 종료되었습니다
