2025-03-28 00:26:33,185 - __main__ - INFO - F:\Trading_platform\LS\LS_VIstrategy_v01_2025_03_28\strategy\strategy.py:51 - 토큰 초기화 완료
2025-03-28 00:26:34,183 - __main__ - INFO - F:\Trading_platform\LS\LS_VIstrategy_v01_2025_03_28\strategy\strategy.py:77 - 시장 데이터 로드 완료 (코스피: 2314, 코스닥: 1796)
2025-03-28 00:26:34,302 - __main__ - INFO - F:\Trading_platform\LS\LS_VIstrategy_v01_2025_03_28\strategy\strategy.py:106 - VI 모니터링이 시작되었습니다.
2025-03-28 00:27:18,058 - __main__ - ERROR - F:\Trading_platform\LS\LS_VIstrategy_v01_2025_03_28\strategy\strategy.py:214 - 전략 중지 중 오류 발생: CLOSED
2025-03-28 00:27:20,364 - __main__ - INFO - line 51 - 토큰 초기화 완료
2025-03-28 00:27:21,290 - __main__ - INFO - line 77 - 시장 데이터 로드 완료 (코스피: 2314, 코스닥: 1796)
2025-03-28 00:27:21,399 - __main__ - INFO - line 106 - VI 모니터링이 시작되었습니다.
2025-03-28 00:34:18,699 - __main__ - ERROR - line 214 - 전략 중지 중 오류 발생: CLOSED
2025-03-28 00:34:20,552 - __main__ - INFO - line 51 - 토큰 초기화 완료
2025-03-28 00:34:21,506 - __main__ - INFO - line 77 - 시장 데이터 로드 완료 (코스피: 2314, 코스닥: 1796)
2025-03-28 00:34:21,620 - __main__ - INFO - line 106 - VI 모니터링이 시작되었습니다.
2025-03-28 00:36:55,137 - __main__ - ERROR - line 214 - 전략 중지 중 오류 발생: CLOSED
2025-03-28 00:36:56,963 - __main__ - INFO - line 51 - 토큰 초기화 완료
2025-03-28 00:36:57,899 - __main__ - INFO - line 77 - 시장 데이터 로드 완료 (코스피: 2314, 코스닥: 1796)
2025-03-28 00:36:58,022 - __main__ - INFO - line 106 - VI 모니터링이 시작되었습니다.
2025-03-28 00:40:19,546 - __main__ - ERROR - line 214 - 전략 중지 중 오류 발생: CLOSED
2025-03-28 00:45:34,963 - __main__ - INFO - line 51 - 토큰 초기화 완료
2025-03-28 00:45:35,933 - __main__ - INFO - line 77 - 시장 데이터 로드 완료 (코스피: 2314, 코스닥: 1796)
2025-03-28 00:45:36,048 - __main__ - INFO - line 106 - VI 모니터링이 시작되었습니다.
2025-03-28 00:48:55,759 - __main__ - ERROR - line 214 - 전략 중지 중 오류 발생: CLOSED
2025-03-28 00:48:57,544 - __main__ - INFO - line 51 - 토큰 초기화 완료
2025-03-28 00:48:58,488 - __main__ - INFO - line 77 - 시장 데이터 로드 완료 (코스피: 2314, 코스닥: 1796)
2025-03-28 00:48:58,601 - __main__ - INFO - line 106 - VI 모니터링이 시작되었습니다.
2025-03-28 00:50:52,937 - __main__ - ERROR - line 214 - 전략 중지 중 오류 발생: CLOSED
2025-03-28 00:50:54,560 - __main__ - INFO - line 51 - 토큰 초기화 완료
2025-03-28 00:50:55,517 - __main__ - INFO - line 77 - 시장 데이터 로드 완료 (코스피: 2314, 코스닥: 1796)
2025-03-28 00:50:55,640 - __main__ - INFO - line 106 - VI 모니터링이 시작되었습니다.
2025-03-28 00:51:33,880 - __main__ - ERROR - line 214 - 전략 중지 중 오류 발생: CLOSED
2025-03-28 00:51:35,581 - __main__ - INFO - line 51 - 토큰 초기화 완료
2025-03-28 00:51:36,520 - __main__ - INFO - line 77 - 시장 데이터 로드 완료 (코스피: 2314, 코스닥: 1796)
2025-03-28 00:51:36,636 - __main__ - INFO - line 106 - VI 모니터링이 시작되었습니다.
2025-03-28 00:54:14,830 - __main__ - ERROR - line 214 - 전략 중지 중 오류 발생: CLOSED
2025-03-28 00:54:16,284 - __main__ - INFO - line 51 - 토큰 초기화 완료
2025-03-28 00:54:17,248 - __main__ - INFO - line 77 - 시장 데이터 로드 완료 (코스피: 2314, 코스닥: 1796)
2025-03-28 00:54:42,622 - __main__ - INFO - line 211 - 전략이 중지되었습니다.
2025-03-28 00:54:44,049 - __main__ - INFO - line 51 - 토큰 초기화 완료
2025-03-28 00:54:44,989 - __main__ - INFO - line 77 - 시장 데이터 로드 완료 (코스피: 2314, 코스닥: 1796)
2025-03-28 00:54:45,106 - __main__ - INFO - line 106 - VI 모니터링이 시작되었습니다.
2025-03-28 00:56:22,482 - __main__ - ERROR - line 214 - 전략 중지 중 오류 발생: CLOSED
2025-03-28 00:56:24,002 - __main__ - INFO - line 51 - 토큰 초기화 완료
2025-03-28 00:56:24,937 - __main__ - INFO - line 77 - 시장 데이터 로드 완료 (코스피: 2314, 코스닥: 1796)
2025-03-28 00:56:25,047 - __main__ - INFO - line 106 - VI 모니터링이 시작되었습니다.
2025-03-28 00:57:38,042 - __main__ - ERROR - line 214 - 전략 중지 중 오류 발생: CLOSED
2025-03-28 00:57:39,399 - __main__ - INFO - line 51 - 토큰 초기화 완료
2025-03-28 00:57:40,359 - __main__ - INFO - line 77 - 시장 데이터 로드 완료 (코스피: 2314, 코스닥: 1796)
2025-03-28 00:57:40,474 - __main__ - INFO - line 106 - VI 모니터링이 시작되었습니다.
2025-03-28 00:58:41,152 - __main__ - ERROR - line 214 - 전략 중지 중 오류 발생: CLOSED
2025-03-28 00:58:42,623 - __main__ - INFO - line 51 - 토큰 초기화 완료
2025-03-28 00:58:43,563 - __main__ - INFO - line 77 - 시장 데이터 로드 완료 (코스피: 2314, 코스닥: 1796)
2025-03-28 00:58:43,663 - __main__ - INFO - line 106 - VI 모니터링이 시작되었습니다.
2025-03-28 00:59:10,168 - __main__ - ERROR - line 214 - 전략 중지 중 오류 발생: CLOSED
2025-03-28 00:59:11,446 - __main__ - INFO - line 51 - 토큰 초기화 완료
2025-03-28 00:59:12,409 - __main__ - INFO - line 77 - 시장 데이터 로드 완료 (코스피: 2314, 코스닥: 1796)
2025-03-28 00:59:12,530 - __main__ - INFO - line 106 - VI 모니터링이 시작되었습니다.
2025-03-28 01:00:29,544 - __main__ - ERROR - line 214 - 전략 중지 중 오류 발생: CLOSED
2025-03-28 01:00:30,943 - __main__ - INFO - line 51 - 토큰 초기화 완료
2025-03-28 01:00:31,895 - __main__ - INFO - line 77 - 시장 데이터 로드 완료 (코스피: 2314, 코스닥: 1796)
2025-03-28 01:00:32,018 - __main__ - INFO - line 106 - VI 모니터링이 시작되었습니다.
2025-03-28 01:02:14,528 - __main__ - ERROR - line 214 - 전략 중지 중 오류 발생: CLOSED
2025-03-28 01:02:15,941 - __main__ - INFO - line 51 - 토큰 초기화 완료
2025-03-28 01:02:16,898 - __main__ - INFO - line 77 - 시장 데이터 로드 완료 (코스피: 2314, 코스닥: 1796)
2025-03-28 01:02:17,016 - __main__ - INFO - line 106 - VI 모니터링이 시작되었습니다.
2025-03-28 01:04:57,592 - __main__ - ERROR - line 214 - 전략 중지 중 오류 발생: CLOSED
2025-03-28 01:05:03,384 - __main__ - INFO - line 51 - 토큰 초기화 완료
2025-03-28 01:05:04,330 - __main__ - INFO - line 77 - 시장 데이터 로드 완료 (코스피: 2314, 코스닥: 1796)
2025-03-28 01:05:04,445 - __main__ - INFO - line 106 - VI 모니터링이 시작되었습니다.
2025-03-28 01:05:10,311 - __main__ - ERROR - line 214 - 전략 중지 중 오류 발생: CLOSED
2025-03-28 01:05:20,826 - __main__ - INFO - line 51 - 토큰 초기화 완료
2025-03-28 01:05:21,760 - __main__ - INFO - line 77 - 시장 데이터 로드 완료 (코스피: 2314, 코스닥: 1796)
2025-03-28 01:05:21,877 - __main__ - INFO - line 106 - VI 모니터링이 시작되었습니다.
2025-03-28 01:06:35,864 - __main__ - ERROR - line 214 - 전략 중지 중 오류 발생: CLOSED
2025-03-28 01:06:37,301 - __main__ - INFO - line 51 - 토큰 초기화 완료
2025-03-28 01:06:38,261 - __main__ - INFO - line 77 - 시장 데이터 로드 완료 (코스피: 2314, 코스닥: 1796)
2025-03-28 01:06:38,377 - __main__ - INFO - line 106 - VI 모니터링이 시작되었습니다.
2025-03-28 01:07:17,117 - __main__ - ERROR - line 214 - 전략 중지 중 오류 발생: CLOSED
2025-03-28 01:07:19,283 - __main__ - INFO - line 51 - 토큰 초기화 완료
2025-03-28 01:07:20,245 - __main__ - INFO - line 77 - 시장 데이터 로드 완료 (코스피: 2314, 코스닥: 1796)
2025-03-28 01:07:20,367 - __main__ - INFO - line 106 - VI 모니터링이 시작되었습니다.
2025-03-28 01:08:23,595 - __main__ - ERROR - line 214 - 전략 중지 중 오류 발생: CLOSED
2025-03-28 01:08:24,822 - __main__ - INFO - line 51 - 토큰 초기화 완료
2025-03-28 01:08:25,761 - __main__ - INFO - line 77 - 시장 데이터 로드 완료 (코스피: 2314, 코스닥: 1796)
2025-03-28 01:08:25,883 - __main__ - INFO - line 106 - VI 모니터링이 시작되었습니다.
2025-03-28 01:14:08,714 - __main__ - ERROR - line 214 - 전략 중지 중 오류 발생: CLOSED
2025-03-28 01:14:10,163 - __main__ - INFO - line 51 - 토큰 초기화 완료
2025-03-28 01:14:11,161 - __main__ - INFO - line 77 - 시장 데이터 로드 완료 (코스피: 2314, 코스닥: 1796)
2025-03-28 01:14:11,280 - __main__ - INFO - line 106 - VI 모니터링이 시작되었습니다.
2025-03-28 01:17:23,935 - __main__ - ERROR - line 214 - 전략 중지 중 오류 발생: CLOSED
2025-03-28 01:17:25,313 - __main__ - INFO - line 51 - 토큰 초기화 완료
2025-03-28 01:17:26,291 - __main__ - INFO - line 77 - 시장 데이터 로드 완료 (코스피: 2314, 코스닥: 1796)
2025-03-28 01:17:26,399 - __main__ - INFO - line 106 - VI 모니터링이 시작되었습니다.
2025-03-28 01:17:46,623 - __main__ - ERROR - line 214 - 전략 중지 중 오류 발생: CLOSED
2025-03-28 01:20:26,266 - __main__ - INFO - line 51 - 토큰 초기화 완료
2025-03-28 01:20:27,217 - __main__ - INFO - line 77 - 시장 데이터 로드 완료 (코스피: 2314, 코스닥: 1796)
2025-03-28 01:20:27,328 - __main__ - INFO - line 106 - VI 모니터링이 시작되었습니다.
2025-03-28 01:23:30,226 - __main__ - ERROR - line 214 - 전략 중지 중 오류 발생: CLOSED
2025-03-28 01:23:31,305 - __main__ - INFO - line 51 - 토큰 초기화 완료
2025-03-28 01:23:32,278 - __main__ - INFO - line 77 - 시장 데이터 로드 완료 (코스피: 2314, 코스닥: 1796)
2025-03-28 01:23:32,401 - __main__ - INFO - line 106 - VI 모니터링이 시작되었습니다.
2025-03-28 01:26:39,423 - __main__ - ERROR - line 214 - 전략 중지 중 오류 발생: CLOSED
2025-03-28 01:30:13,863 - __main__ - WARNING - line 63 - 이미 초기화가 진행 중입니다.
2025-03-28 01:30:13,863 - __main__ - INFO - line 282 - 전략이 중지되었습니다.
2025-03-28 01:30:31,254 - __main__ - INFO - line 51 - 토큰 초기화 완료
2025-03-28 01:30:32,206 - __main__ - INFO - line 77 - 시장 데이터 로드 완료 (코스피: 2314, 코스닥: 1796)
2025-03-28 01:30:32,326 - __main__ - INFO - line 106 - VI 모니터링이 시작되었습니다.
2025-03-28 01:30:46,514 - __main__ - ERROR - line 214 - 전략 중지 중 오류 발생: CLOSED
2025-03-28 01:32:56,067 - __main__ - INFO - line 51 - 토큰 초기화 완료
2025-03-28 01:32:57,017 - __main__ - INFO - line 77 - 시장 데이터 로드 완료 (코스피: 2314, 코스닥: 1796)
2025-03-28 01:32:57,138 - __main__ - INFO - line 106 - VI 모니터링이 시작되었습니다.
2025-03-28 01:33:01,168 - __main__ - INFO - line 211 - 전략이 중지되었습니다.
2025-03-28 01:35:27,368 - __main__ - INFO - line 51 - 토큰 초기화 완료
2025-03-28 01:35:28,326 - __main__ - INFO - line 77 - 시장 데이터 로드 완료 (코스피: 2314, 코스닥: 1796)
2025-03-28 01:35:28,449 - __main__ - INFO - line 106 - VI 모니터링이 시작되었습니다.
2025-03-28 01:35:31,920 - __main__ - INFO - line 211 - 전략이 중지되었습니다.
2025-03-28 01:36:45,290 - __main__ - INFO - line 51 - 토큰 초기화 완료
2025-03-28 01:36:46,214 - __main__ - INFO - line 77 - 시장 데이터 로드 완료 (코스피: 2314, 코스닥: 1796)
2025-03-28 01:36:46,323 - __main__ - INFO - line 106 - VI 모니터링이 시작되었습니다.
2025-03-28 01:36:49,126 - __main__ - INFO - line 211 - 전략이 중지되었습니다.
2025-03-28 01:38:29,113 - __main__ - INFO - line 51 - 토큰 초기화 완료
2025-03-28 01:38:30,051 - __main__ - INFO - line 77 - 시장 데이터 로드 완료 (코스피: 2314, 코스닥: 1796)
2025-03-28 01:38:30,056 - __main__ - ERROR - line 110 - VI 모니터링 시작 중 오류 발생: CLOSED
2025-03-28 01:38:30,056 - __main__ - INFO - line 211 - 전략이 중지되었습니다.
2025-03-28 01:38:49,740 - __main__ - INFO - line 51 - 토큰 초기화 완료
2025-03-28 01:38:50,689 - __main__ - INFO - line 77 - 시장 데이터 로드 완료 (코스피: 2314, 코스닥: 1796)
2025-03-28 01:38:50,810 - __main__ - INFO - line 106 - VI 모니터링이 시작되었습니다.
2025-03-28 01:38:54,791 - __main__ - INFO - line 211 - 전략이 중지되었습니다.
2025-03-28 08:53:39,898 - __main__ - INFO - line 51 - 토큰 초기화 완료
2025-03-28 08:53:43,341 - __main__ - INFO - line 77 - 시장 데이터 로드 완료 (코스피: 2314, 코스닥: 1795)
2025-03-28 08:53:43,451 - __main__ - INFO - line 106 - VI 모니터링이 시작되었습니다.
2025-03-28 08:56:42,618 - __main__ - INFO - line 51 - 토큰 초기화 완료
2025-03-28 08:56:43,638 - __main__ - INFO - line 77 - 시장 데이터 로드 완료 (코스피: 2314, 코스닥: 1795)
2025-03-28 08:56:43,758 - __main__ - INFO - line 106 - VI 모니터링이 시작되었습니다.
2025-03-28 08:57:07,664 - __main__ - INFO - line 211 - 전략이 중지되었습니다.
2025-03-28 09:00:22,871 - __main__ - INFO - line 51 - 토큰 초기화 완료
2025-03-28 09:00:24,340 - __main__ - INFO - line 77 - 시장 데이터 로드 완료 (코스피: 2314, 코스닥: 1795)
2025-03-28 09:00:24,346 - __main__ - ERROR - line 110 - VI 모니터링 시작 중 오류 발생: CLOSED
2025-03-28 09:00:24,347 - __main__ - INFO - line 211 - 전략이 중지되었습니다.
2025-03-28 09:00:41,952 - __main__ - INFO - line 51 - 토큰 초기화 완료
2025-03-28 09:00:43,383 - __main__ - INFO - line 77 - 시장 데이터 로드 완료 (코스피: 2314, 코스닥: 1795)
2025-03-28 09:00:43,389 - __main__ - ERROR - line 110 - VI 모니터링 시작 중 오류 발생: CLOSED
2025-03-28 09:00:43,390 - __main__ - INFO - line 211 - 전략이 중지되었습니다.
2025-03-28 09:03:20,528 - __main__ - INFO - line 51 - 토큰 초기화 완료
2025-03-28 09:03:22,003 - __main__ - INFO - line 77 - 시장 데이터 로드 완료 (코스피: 2314, 코스닥: 1795)
2025-03-28 09:03:22,008 - __main__ - ERROR - line 110 - VI 모니터링 시작 중 오류 발생: 'WebSocketManager' object has no attribute 'is_running'
2025-03-28 09:03:22,008 - __main__ - INFO - line 211 - 전략이 중지되었습니다.
2025-03-28 09:05:49,720 - __main__ - INFO - line 51 - 토큰 초기화 완료
2025-03-28 09:05:51,194 - __main__ - INFO - line 77 - 시장 데이터 로드 완료 (코스피: 2314, 코스닥: 1795)
2025-03-28 09:05:51,202 - __main__ - ERROR - line 110 - VI 모니터링 시작 중 오류 발생: CLOSED
2025-03-28 09:05:51,202 - __main__ - INFO - line 211 - 전략이 중지되었습니다.
2025-03-28 09:07:32,575 - __main__ - INFO - line 51 - 토큰 초기화 완료
2025-03-28 09:07:34,034 - __main__ - INFO - line 77 - 시장 데이터 로드 완료 (코스피: 2314, 코스닥: 1795)
2025-03-28 09:07:54,081 - __main__ - ERROR - line 110 - VI 모니터링 시작 중 오류 발생: 웹소켓 연결 실패
2025-03-28 09:07:54,082 - __main__ - INFO - line 211 - 전략이 중지되었습니다.
2025-03-28 09:11:02,719 - __main__ - INFO - line 51 - 토큰 초기화 완료
2025-03-28 09:11:04,150 - __main__ - INFO - line 77 - 시장 데이터 로드 완료 (코스피: 2314, 코스닥: 1795)
2025-03-28 09:11:08,605 - __main__ - INFO - line 211 - 전략이 중지되었습니다.
2025-03-28 09:26:38,605 - __main__ - INFO - line 51 - 토큰 초기화 완료
2025-03-28 09:26:39,843 - __main__ - INFO - line 77 - 시장 데이터 로드 완료 (코스피: 2314, 코스닥: 1795)
2025-03-28 09:41:51,583 - __main__ - INFO - line 51 - 토큰 초기화 완료
2025-03-28 09:41:52,769 - __main__ - INFO - line 77 - 시장 데이터 로드 완료 (코스피: 2314, 코스닥: 1795)
2025-03-28 09:41:55,205 - __main__ - INFO - line 211 - 전략이 중지되었습니다.
2025-03-28 09:42:23,689 - __main__ - INFO - line 51 - 토큰 초기화 완료
2025-03-28 09:42:25,037 - __main__ - INFO - line 77 - 시장 데이터 로드 완료 (코스피: 2314, 코스닥: 1795)
2025-03-28 09:42:30,462 - __main__ - INFO - line 211 - 전략이 중지되었습니다.
2025-03-28 09:42:44,135 - __main__ - INFO - line 51 - 토큰 초기화 완료
2025-03-28 09:42:45,311 - __main__ - INFO - line 77 - 시장 데이터 로드 완료 (코스피: 2314, 코스닥: 1795)
2025-03-28 09:42:45,317 - __main__ - ERROR - line 110 - VI 모니터링 시작 중 오류 발생: CLOSED
2025-03-28 09:42:45,318 - __main__ - INFO - line 211 - 전략이 중지되었습니다.
2025-03-28 09:42:59,848 - __main__ - INFO - line 51 - 토큰 초기화 완료
2025-03-28 09:43:01,011 - __main__ - INFO - line 77 - 시장 데이터 로드 완료 (코스피: 2314, 코스닥: 1795)
2025-03-28 09:43:01,016 - __main__ - ERROR - line 110 - VI 모니터링 시작 중 오류 발생: 'WebSocketManager' object has no attribute 'is_running'
2025-03-28 09:43:01,016 - __main__ - INFO - line 211 - 전략이 중지되었습니다.
2025-03-28 09:49:04,566 - __main__ - INFO - line 51 - 토큰 초기화 완료
2025-03-28 09:49:05,992 - __main__ - INFO - line 77 - 시장 데이터 로드 완료 (코스피: 2314, 코스닥: 1795)
2025-03-28 09:49:05,999 - __main__ - ERROR - line 110 - VI 모니터링 시작 중 오류 발생: CLOSED
2025-03-28 09:49:06,000 - __main__ - INFO - line 211 - 전략이 중지되었습니다.
2025-03-28 09:49:20,655 - __main__ - INFO - line 51 - 토큰 초기화 완료
2025-03-28 09:49:21,937 - __main__ - INFO - line 77 - 시장 데이터 로드 완료 (코스피: 2314, 코스닥: 1795)
2025-03-28 09:49:21,944 - __main__ - ERROR - line 110 - VI 모니터링 시작 중 오류 발생: CLOSED
2025-03-28 09:49:21,945 - __main__ - INFO - line 211 - 전략이 중지되었습니다.
2025-03-28 09:52:05,442 - __main__ - INFO - line 51 - 토큰 초기화 완료
2025-03-28 09:52:06,628 - __main__ - INFO - line 77 - 시장 데이터 로드 완료 (코스피: 2314, 코스닥: 1795)
2025-03-28 09:52:09,381 - __main__ - INFO - line 211 - 전략이 중지되었습니다.
2025-03-28 09:53:57,506 - __main__ - INFO - line 51 - 토큰 초기화 완료
2025-03-28 09:53:58,741 - __main__ - INFO - line 77 - 시장 데이터 로드 완료 (코스피: 2314, 코스닥: 1795)
2025-03-28 09:54:15,997 - __main__ - INFO - line 211 - 전략이 중지되었습니다.
2025-03-28 09:57:22,368 - __main__ - INFO - line 51 - 토큰 초기화 완료
2025-03-28 09:57:23,567 - __main__ - INFO - line 77 - 시장 데이터 로드 완료 (코스피: 2314, 코스닥: 1795)
2025-03-28 09:57:33,716 - __main__ - INFO - line 211 - 전략이 중지되었습니다.
2025-03-28 10:01:17,789 - __main__ - INFO - line 51 - 토큰 초기화 완료
2025-03-28 10:01:19,152 - __main__ - INFO - line 77 - 시장 데이터 로드 완료 (코스피: 2314, 코스닥: 1795)
2025-03-28 10:03:41,980 - __main__ - INFO - line 211 - 전략이 중지되었습니다.
2025-03-28 10:03:43,724 - __main__ - INFO - line 51 - 토큰 초기화 완료
2025-03-28 10:03:44,884 - __main__ - INFO - line 77 - 시장 데이터 로드 완료 (코스피: 2314, 코스닥: 1795)
2025-03-28 10:03:44,891 - __main__ - ERROR - line 110 - VI 모니터링 시작 중 오류 발생: 웹소켓 연결 실패: CLOSED
2025-03-28 10:03:44,892 - __main__ - INFO - line 211 - 전략이 중지되었습니다.
2025-03-28 10:10:03,776 - __main__ - INFO - line 51 - 토큰 초기화 완료
2025-03-28 10:10:05,015 - __main__ - INFO - line 77 - 시장 데이터 로드 완료 (코스피: 2314, 코스닥: 1795)
2025-03-28 10:10:05,020 - __main__ - ERROR - line 110 - VI 모니터링 시작 중 오류 발생: name 'CacheManager' is not defined
2025-03-28 10:10:05,021 - __main__ - INFO - line 211 - 전략이 중지되었습니다.
2025-03-28 10:11:06,846 - __main__ - INFO - line 51 - 토큰 초기화 완료
2025-03-28 10:11:08,083 - __main__ - INFO - line 77 - 시장 데이터 로드 완료 (코스피: 2314, 코스닥: 1795)
2025-03-28 10:11:08,091 - __main__ - ERROR - line 110 - VI 모니터링 시작 중 오류 발생: 웹소켓 연결 실패: CLOSED
2025-03-28 10:11:08,092 - __main__ - INFO - line 211 - 전략이 중지되었습니다.
2025-03-28 10:20:23,480 - __main__ - INFO - line 51 - 토큰 초기화 완료
2025-03-28 10:20:24,801 - __main__ - INFO - line 77 - 시장 데이터 로드 완료 (코스피: 2314, 코스닥: 1795)
2025-03-28 10:20:24,809 - __main__ - ERROR - line 110 - VI 모니터링 시작 중 오류 발생: CLOSED
2025-03-28 10:20:24,809 - __main__ - INFO - line 211 - 전략이 중지되었습니다.
2025-03-28 11:15:26,774 - __main__ - INFO - line 68 - 전략 초기화 시작...
2025-03-28 11:15:26,778 - __main__ - INFO - line 82 - 전략 초기화 완료
2025-03-28 11:15:26,778 - __main__ - INFO - line 93 - 시장 데이터 로드 시작...
2025-03-28 11:15:29,246 - __main__ - INFO - line 108 - 시장 데이터 로드 완료 (코스피: 2314, 코스닥: 1795)
2025-03-28 11:15:29,246 - __main__ - INFO - line 122 - VI 모니터링 시작 중...
2025-03-28 11:15:29,379 - __main__ - ERROR - line 149 - VI 모니터링 시작 중 오류 발생: a coroutine was expected, got <async_generator object MessageQueue._process at 0x0000023A489EC4A0>
2025-03-28 11:15:29,379 - __main__ - ERROR - line 225 - VI 모니터링 시작 실패: a coroutine was expected, got <async_generator object MessageQueue._process at 0x0000023A489EC4A0>
2025-03-28 11:15:29,380 - __main__ - INFO - line 250 - 전략이 정상적으로 종료되었습니다
2025-03-28 11:18:16,838 - __main__ - INFO - line 68 - 전략 초기화 시작...
2025-03-28 11:18:16,842 - __main__ - INFO - line 82 - 전략 초기화 완료
2025-03-28 11:18:16,842 - __main__ - INFO - line 93 - 시장 데이터 로드 시작...
2025-03-28 11:18:18,101 - __main__ - INFO - line 108 - 시장 데이터 로드 완료 (코스피: 2314, 코스닥: 1795)
2025-03-28 11:18:18,101 - __main__ - INFO - line 122 - VI 모니터링 시작 중...
2025-03-28 11:18:18,232 - __main__ - ERROR - line 149 - VI 모니터링 시작 중 오류 발생: a coroutine was expected, got <async_generator object MessageQueue._process at 0x00000190F02E0E40>
2025-03-28 11:18:18,233 - __main__ - ERROR - line 225 - VI 모니터링 시작 실패: a coroutine was expected, got <async_generator object MessageQueue._process at 0x00000190F02E0E40>
2025-03-28 11:18:18,233 - __main__ - INFO - line 250 - 전략이 정상적으로 종료되었습니다
2025-03-28 11:20:18,958 - __main__ - INFO - line 68 - 전략 초기화 시작...
2025-03-28 11:20:18,963 - __main__ - INFO - line 82 - 전략 초기화 완료
2025-03-28 11:20:18,964 - __main__ - INFO - line 93 - 시장 데이터 로드 시작...
2025-03-28 11:20:20,189 - __main__ - INFO - line 108 - 시장 데이터 로드 완료 (코스피: 2314, 코스닥: 1795)
2025-03-28 11:20:20,190 - __main__ - INFO - line 122 - VI 모니터링 시작 중...
2025-03-28 11:20:20,318 - __main__ - INFO - line 144 - VI 모니터링이 시작되었습니다
2025-03-28 11:21:14,845 - __main__ - INFO - line 250 - 전략이 정상적으로 종료되었습니다
2025-03-28 11:22:28,785 - __main__ - INFO - line 68 - 전략 초기화 시작...
2025-03-28 11:22:28,788 - __main__ - INFO - line 82 - 전략 초기화 완료
2025-03-28 11:22:28,789 - __main__ - INFO - line 93 - 시장 데이터 로드 시작...
2025-03-28 11:22:30,036 - __main__ - INFO - line 108 - 시장 데이터 로드 완료 (코스피: 2314, 코스닥: 1795)
2025-03-28 11:22:30,036 - __main__ - INFO - line 122 - VI 모니터링 시작 중...
2025-03-28 11:22:30,164 - __main__ - INFO - line 144 - VI 모니터링이 시작되었습니다
2025-03-28 11:23:23,688 - __main__ - INFO - line 250 - 전략이 정상적으로 종료되었습니다
2025-03-28 11:23:25,819 - __main__ - INFO - line 68 - 전략 초기화 시작...
2025-03-28 11:23:25,822 - __main__ - INFO - line 82 - 전략 초기화 완료
2025-03-28 11:23:25,823 - __main__ - INFO - line 93 - 시장 데이터 로드 시작...
2025-03-28 11:23:26,945 - __main__ - INFO - line 108 - 시장 데이터 로드 완료 (코스피: 2314, 코스닥: 1795)
2025-03-28 11:23:26,945 - __main__ - INFO - line 122 - VI 모니터링 시작 중...
2025-03-28 11:23:27,066 - __main__ - INFO - line 144 - VI 모니터링이 시작되었습니다
2025-03-28 11:24:52,674 - __main__ - INFO - line 250 - 전략이 정상적으로 종료되었습니다
2025-03-28 11:24:55,197 - __main__ - INFO - line 68 - 전략 초기화 시작...
2025-03-28 11:24:55,202 - __main__ - INFO - line 82 - 전략 초기화 완료
2025-03-28 11:24:55,203 - __main__ - INFO - line 93 - 시장 데이터 로드 시작...
2025-03-28 11:24:56,303 - __main__ - INFO - line 108 - 시장 데이터 로드 완료 (코스피: 2314, 코스닥: 1795)
2025-03-28 11:24:56,304 - __main__ - INFO - line 122 - VI 모니터링 시작 중...
2025-03-28 11:24:56,431 - __main__ - INFO - line 144 - VI 모니터링이 시작되었습니다
2025-03-28 11:25:02,611 - __main__ - INFO - line 250 - 전략이 정상적으로 종료되었습니다
2025-03-28 11:25:55,174 - __main__ - INFO - line 68 - 전략 초기화 시작...
2025-03-28 11:25:55,178 - __main__ - INFO - line 82 - 전략 초기화 완료
2025-03-28 11:25:55,179 - __main__ - INFO - line 93 - 시장 데이터 로드 시작...
2025-03-28 11:25:56,225 - __main__ - INFO - line 108 - 시장 데이터 로드 완료 (코스피: 2314, 코스닥: 1795)
2025-03-28 11:25:56,225 - __main__ - INFO - line 122 - VI 모니터링 시작 중...
2025-03-28 11:25:56,351 - __main__ - INFO - line 144 - VI 모니터링이 시작되었습니다
2025-03-28 11:27:22,252 - __main__ - INFO - line 250 - 전략이 정상적으로 종료되었습니다
2025-03-28 11:27:25,186 - __main__ - INFO - line 68 - 전략 초기화 시작...
2025-03-28 11:27:25,190 - __main__ - INFO - line 82 - 전략 초기화 완료
2025-03-28 11:27:25,191 - __main__ - INFO - line 93 - 시장 데이터 로드 시작...
2025-03-28 11:27:26,331 - __main__ - INFO - line 108 - 시장 데이터 로드 완료 (코스피: 2314, 코스닥: 1795)
2025-03-28 11:27:26,440 - __main__ - INFO - line 122 - VI 모니터링 시작 중...
2025-03-28 11:27:26,556 - __main__ - INFO - line 144 - VI 모니터링이 시작되었습니다
2025-03-28 11:40:28,962 - __main__ - INFO - line 250 - 전략이 정상적으로 종료되었습니다
2025-03-28 11:40:30,843 - __main__ - INFO - line 68 - 전략 초기화 시작...
2025-03-28 11:40:30,845 - __main__ - INFO - line 82 - 전략 초기화 완료
2025-03-28 11:40:30,846 - __main__ - INFO - line 93 - 시장 데이터 로드 시작...
2025-03-28 11:40:32,117 - __main__ - INFO - line 108 - 시장 데이터 로드 완료 (코스피: 2314, 코스닥: 1795)
2025-03-28 11:40:32,118 - __main__ - INFO - line 122 - VI 모니터링 시작 중...
2025-03-28 11:40:32,244 - __main__ - INFO - line 144 - VI 모니터링이 시작되었습니다
2025-03-28 11:44:43,735 - __main__ - INFO - line 250 - 전략이 정상적으로 종료되었습니다
2025-03-28 11:44:45,443 - __main__ - INFO - line 68 - 전략 초기화 시작...
2025-03-28 11:44:45,448 - __main__ - INFO - line 82 - 전략 초기화 완료
2025-03-28 11:44:45,449 - __main__ - INFO - line 93 - 시장 데이터 로드 시작...
2025-03-28 11:44:46,567 - __main__ - INFO - line 108 - 시장 데이터 로드 완료 (코스피: 2314, 코스닥: 1795)
2025-03-28 11:44:47,103 - __main__ - INFO - line 122 - VI 모니터링 시작 중...
2025-03-28 11:44:47,227 - __main__ - INFO - line 144 - VI 모니터링이 시작되었습니다
2025-03-28 11:52:16,461 - __main__ - INFO - line 250 - 전략이 정상적으로 종료되었습니다
2025-03-28 11:52:42,882 - __main__ - INFO - line 68 - 전략 초기화 시작...
2025-03-28 11:52:42,886 - __main__ - INFO - line 82 - 전략 초기화 완료
2025-03-28 11:52:42,887 - __main__ - INFO - line 93 - 시장 데이터 로드 시작...
2025-03-28 11:52:44,002 - __main__ - INFO - line 108 - 시장 데이터 로드 완료 (코스피: 2314, 코스닥: 1795)
2025-03-28 11:52:44,002 - __main__ - INFO - line 122 - VI 모니터링 시작 중...
2025-03-28 11:52:44,112 - __main__ - INFO - line 144 - VI 모니터링이 시작되었습니다
2025-03-28 11:52:52,730 - __main__ - INFO - line 156 - VI 상태 변경 - 종목: 000000, 상태: 발동, VI유형: 정적발동, 발동가: 1622
2025-03-28 11:52:53,021 - __main__ - INFO - line 184 - VI 발동 감지 - 종목: 000000, 현재가: N/A, VI유형: 정적발동
2025-03-28 11:52:59,437 - __main__ - INFO - line 156 - VI 상태 변경 - 종목: 000000, 상태: 해제, VI유형: 해제, 발동가: 0
2025-03-28 11:52:59,438 - __main__ - INFO - line 199 - VI 해제 감지 - 종목: 000000, 지속시간: None초
2025-03-28 11:54:48,282 - __main__ - INFO - line 250 - 전략이 정상적으로 종료되었습니다
2025-03-28 11:54:50,680 - __main__ - INFO - line 68 - 전략 초기화 시작...
2025-03-28 11:54:50,683 - __main__ - INFO - line 82 - 전략 초기화 완료
2025-03-28 11:54:50,683 - __main__ - INFO - line 93 - 시장 데이터 로드 시작...
2025-03-28 11:54:51,787 - __main__ - INFO - line 108 - 시장 데이터 로드 완료 (코스피: 2314, 코스닥: 1795)
2025-03-28 11:54:51,788 - __main__ - INFO - line 122 - VI 모니터링 시작 중...
2025-03-28 11:54:51,911 - __main__ - INFO - line 144 - VI 모니터링이 시작되었습니다
2025-03-28 11:55:03,768 - __main__ - INFO - line 156 - VI 상태 변경 - 종목: 000000, 상태: 해제, VI유형: 해제, 발동가: 0
2025-03-28 11:55:03,768 - __main__ - INFO - line 199 - VI 해제 감지 - 종목: 000000, 지속시간: None초
2025-03-28 11:58:23,949 - __main__ - INFO - line 250 - 전략이 정상적으로 종료되었습니다
2025-03-28 11:58:25,720 - __main__ - INFO - line 68 - 전략 초기화 시작...
2025-03-28 11:58:25,723 - __main__ - INFO - line 82 - 전략 초기화 완료
2025-03-28 11:58:25,723 - __main__ - INFO - line 93 - 시장 데이터 로드 시작...
2025-03-28 11:58:26,799 - __main__ - INFO - line 108 - 시장 데이터 로드 완료 (코스피: 2314, 코스닥: 1795)
2025-03-28 11:58:26,800 - __main__ - INFO - line 122 - VI 모니터링 시작 중...
2025-03-28 11:58:26,913 - __main__ - INFO - line 144 - VI 모니터링이 시작되었습니다
2025-03-28 12:00:55,494 - __main__ - INFO - line 156 - VI 상태 변경 - 종목: 000000, 상태: 해제, VI유형: 해제, 발동가: 0
2025-03-28 12:00:55,495 - __main__ - INFO - line 199 - VI 해제 감지 - 종목: 000000, 지속시간: None초
2025-03-28 12:02:41,664 - __main__ - INFO - line 156 - VI 상태 변경 - 종목: 000000, 상태: 발동, VI유형: 정적발동, 발동가: 5200
2025-03-28 12:02:42,017 - __main__ - INFO - line 184 - VI 발동 감지 - 종목: 000000, 현재가: N/A, VI유형: 정적발동
2025-03-28 12:04:44,047 - __main__ - INFO - line 156 - VI 상태 변경 - 종목: 000000, 상태: 해제, VI유형: 해제, 발동가: 0
2025-03-28 12:04:44,047 - __main__ - INFO - line 199 - VI 해제 감지 - 종목: 000000, 지속시간: None초
2025-03-28 12:05:03,995 - __main__ - INFO - line 250 - 전략이 정상적으로 종료되었습니다
2025-03-28 12:05:05,647 - __main__ - INFO - line 68 - 전략 초기화 시작...
2025-03-28 12:05:05,651 - __main__ - INFO - line 82 - 전략 초기화 완료
2025-03-28 12:05:05,652 - __main__ - INFO - line 93 - 시장 데이터 로드 시작...
2025-03-28 12:05:06,793 - __main__ - INFO - line 108 - 시장 데이터 로드 완료 (코스피: 2314, 코스닥: 1795)
2025-03-28 12:05:06,794 - __main__ - INFO - line 122 - VI 모니터링 시작 중...
2025-03-28 12:05:06,910 - __main__ - INFO - line 144 - VI 모니터링이 시작되었습니다
2025-03-28 12:05:06,917 - __main__ - ERROR - line 173 - VI 데이터 처리 중 오류 발생: 'shcode'
2025-03-28 12:10:14,550 - __main__ - INFO - line 250 - 전략이 정상적으로 종료되었습니다
2025-03-28 12:10:16,137 - __main__ - INFO - line 68 - 전략 초기화 시작...
2025-03-28 12:10:16,139 - __main__ - INFO - line 82 - 전략 초기화 완료
2025-03-28 12:10:16,140 - __main__ - INFO - line 93 - 시장 데이터 로드 시작...
2025-03-28 12:10:17,317 - __main__ - INFO - line 108 - 시장 데이터 로드 완료 (코스피: 2314, 코스닥: 1795)
2025-03-28 12:10:17,317 - __main__ - INFO - line 122 - VI 모니터링 시작 중...
2025-03-28 12:10:17,449 - __main__ - INFO - line 144 - VI 모니터링이 시작되었습니다
2025-03-28 12:14:48,842 - __main__ - INFO - line 250 - 전략이 정상적으로 종료되었습니다
2025-03-28 12:17:39,906 - __main__ - INFO - line 68 - 전략 초기화 시작...
2025-03-28 12:17:39,910 - __main__ - INFO - line 82 - 전략 초기화 완료
2025-03-28 12:17:39,911 - __main__ - INFO - line 93 - 시장 데이터 로드 시작...
2025-03-28 12:17:41,066 - __main__ - INFO - line 108 - 시장 데이터 로드 완료 (코스피: 2314, 코스닥: 1795)
2025-03-28 12:17:41,067 - __main__ - INFO - line 122 - VI 모니터링 시작 중...
2025-03-28 12:17:41,198 - __main__ - INFO - line 144 - VI 모니터링이 시작되었습니다
2025-03-28 12:19:12,074 - __main__ - INFO - line 250 - 전략이 정상적으로 종료되었습니다
2025-03-28 12:19:14,388 - __main__ - INFO - line 68 - 전략 초기화 시작...
2025-03-28 12:19:14,391 - __main__ - INFO - line 82 - 전략 초기화 완료
2025-03-28 12:19:14,392 - __main__ - INFO - line 93 - 시장 데이터 로드 시작...
2025-03-28 12:19:15,488 - __main__ - INFO - line 108 - 시장 데이터 로드 완료 (코스피: 2314, 코스닥: 1795)
2025-03-28 12:19:15,489 - __main__ - INFO - line 122 - VI 모니터링 시작 중...
2025-03-28 12:19:15,611 - __main__ - INFO - line 144 - VI 모니터링이 시작되었습니다
2025-03-28 12:27:11,188 - __main__ - INFO - line 250 - 전략이 정상적으로 종료되었습니다
2025-03-28 13:28:06,441 - __main__ - INFO - line 68 - 전략 초기화 시작...
2025-03-28 13:28:06,445 - __main__ - INFO - line 82 - 전략 초기화 완료
2025-03-28 13:28:06,445 - __main__ - INFO - line 93 - 시장 데이터 로드 시작...
2025-03-28 13:28:07,643 - __main__ - INFO - line 108 - 시장 데이터 로드 완료 (코스피: 2314, 코스닥: 1795)
2025-03-28 13:28:07,803 - __main__ - INFO - line 122 - VI 모니터링 시작 중...
2025-03-28 13:28:07,925 - __main__ - INFO - line 144 - VI 모니터링이 시작되었습니다
2025-03-28 13:37:02,007 - __main__ - INFO - line 250 - 전략이 정상적으로 종료되었습니다
2025-03-28 13:37:03,368 - __main__ - INFO - line 68 - 전략 초기화 시작...
2025-03-28 13:37:03,371 - __main__ - INFO - line 82 - 전략 초기화 완료
2025-03-28 13:37:03,371 - __main__ - INFO - line 93 - 시장 데이터 로드 시작...
2025-03-28 13:37:04,537 - __main__ - INFO - line 108 - 시장 데이터 로드 완료 (코스피: 2314, 코스닥: 1795)
2025-03-28 13:37:04,538 - __main__ - INFO - line 122 - VI 모니터링 시작 중...
2025-03-28 13:37:04,674 - __main__ - INFO - line 144 - VI 모니터링이 시작되었습니다
2025-03-28 13:41:30,429 - __main__ - INFO - line 250 - 전략이 정상적으로 종료되었습니다
2025-03-28 13:41:32,783 - __main__ - INFO - line 68 - 전략 초기화 시작...
2025-03-28 13:41:32,786 - __main__ - INFO - line 82 - 전략 초기화 완료
2025-03-28 13:41:32,786 - __main__ - INFO - line 93 - 시장 데이터 로드 시작...
2025-03-28 13:41:34,003 - __main__ - INFO - line 108 - 시장 데이터 로드 완료 (코스피: 2314, 코스닥: 1795)
2025-03-28 13:41:34,004 - __main__ - INFO - line 122 - VI 모니터링 시작 중...
2025-03-28 13:41:34,143 - __main__ - INFO - line 144 - VI 모니터링이 시작되었습니다
2025-03-28 13:41:34,152 - __main__ - ERROR - line 173 - VI 데이터 처리 중 오류 발생: 'shcode'
2025-03-28 13:44:56,407 - __main__ - ERROR - line 173 - VI 데이터 처리 중 오류 발생: 'shcode'
2025-03-28 13:45:32,553 - __main__ - INFO - line 250 - 전략이 정상적으로 종료되었습니다
2025-03-28 13:45:34,172 - __main__ - INFO - line 68 - 전략 초기화 시작...
2025-03-28 13:45:34,177 - __main__ - INFO - line 82 - 전략 초기화 완료
2025-03-28 13:45:34,178 - __main__ - INFO - line 93 - 시장 데이터 로드 시작...
2025-03-28 13:45:35,393 - __main__ - INFO - line 108 - 시장 데이터 로드 완료 (코스피: 2314, 코스닥: 1795)
2025-03-28 13:45:35,394 - __main__ - INFO - line 122 - VI 모니터링 시작 중...
2025-03-28 13:45:35,523 - __main__ - INFO - line 144 - VI 모니터링이 시작되었습니다
2025-03-28 13:45:35,531 - __main__ - INFO - line 157 - VI 응답: 정상처리되었습니다
2025-03-28 13:46:34,878 - __main__ - ERROR - line 178 - VI 데이터 처리 중 오류 발생: 'shcode'
2025-03-28 13:46:40,734 - __main__ - ERROR - line 178 - VI 데이터 처리 중 오류 발생: 'shcode'
2025-03-28 13:47:21,228 - __main__ - ERROR - line 178 - VI 데이터 처리 중 오류 발생: 'shcode'
2025-03-28 13:48:40,474 - __main__ - ERROR - line 178 - VI 데이터 처리 중 오류 발생: 'shcode'
2025-03-28 13:48:50,938 - __main__ - ERROR - line 178 - VI 데이터 처리 중 오류 발생: 'shcode'
2025-03-28 13:49:00,800 - __main__ - ERROR - line 178 - VI 데이터 처리 중 오류 발생: 'shcode'
2025-03-28 13:50:51,476 - __main__ - ERROR - line 178 - VI 데이터 처리 중 오류 발생: 'shcode'
2025-03-28 13:52:28,043 - __main__ - ERROR - line 178 - VI 데이터 처리 중 오류 발생: 'shcode'
2025-03-28 13:54:29,880 - __main__ - ERROR - line 178 - VI 데이터 처리 중 오류 발생: 'shcode'
2025-03-28 13:57:03,098 - __main__ - ERROR - line 178 - VI 데이터 처리 중 오류 발생: 'shcode'
2025-03-28 13:57:39,387 - __main__ - ERROR - line 178 - VI 데이터 처리 중 오류 발생: 'shcode'
2025-03-28 13:59:08,182 - __main__ - ERROR - line 178 - VI 데이터 처리 중 오류 발생: 'shcode'
2025-03-28 13:59:23,447 - __main__ - INFO - line 255 - 전략이 정상적으로 종료되었습니다
2025-03-28 13:59:24,731 - __main__ - INFO - line 68 - 전략 초기화 시작...
2025-03-28 13:59:24,735 - __main__ - INFO - line 82 - 전략 초기화 완료
2025-03-28 13:59:24,735 - __main__ - INFO - line 93 - 시장 데이터 로드 시작...
2025-03-28 13:59:25,945 - __main__ - INFO - line 108 - 시장 데이터 로드 완료 (코스피: 2314, 코스닥: 1795)
2025-03-28 13:59:25,946 - __main__ - INFO - line 122 - VI 모니터링 시작 중...
2025-03-28 13:59:26,065 - __main__ - INFO - line 144 - VI 모니터링이 시작되었습니다
2025-03-28 13:59:26,072 - __main__ - INFO - line 163 - VI 응답: 정상처리되었습니다
2025-03-28 13:59:48,186 - __main__ - ERROR - line 191 - VI 데이터 처리 중 오류 발생: 'VIStrategy' object has no attribute '_update_vi_status'
2025-03-28 14:01:25,544 - __main__ - ERROR - line 191 - VI 데이터 처리 중 오류 발생: 'VIStrategy' object has no attribute '_update_vi_status'
2025-03-28 14:01:58,393 - __main__ - INFO - line 268 - 전략이 정상적으로 종료되었습니다
2025-03-28 14:01:59,809 - __main__ - INFO - line 68 - 전략 초기화 시작...
2025-03-28 14:01:59,814 - __main__ - INFO - line 82 - 전략 초기화 완료
2025-03-28 14:01:59,815 - __main__ - INFO - line 93 - 시장 데이터 로드 시작...
2025-03-28 14:02:01,018 - __main__ - INFO - line 108 - 시장 데이터 로드 완료 (코스피: 2314, 코스닥: 1795)
2025-03-28 14:02:01,019 - __main__ - INFO - line 122 - VI 모니터링 시작 중...
2025-03-28 14:02:01,137 - __main__ - INFO - line 144 - VI 모니터링이 시작되었습니다
2025-03-28 14:02:01,145 - __main__ - INFO - line 163 - VI 응답: 정상처리되었습니다
2025-03-28 14:03:41,752 - __main__ - ERROR - line 225 - VI 해제 처리 중 오류 발생: 'shcode'
2025-03-28 14:05:21,053 - __main__ - INFO - line 268 - 전략이 정상적으로 종료되었습니다
2025-03-28 14:05:27,031 - __main__ - INFO - line 68 - 전략 초기화 시작...
2025-03-28 14:05:27,034 - __main__ - INFO - line 82 - 전략 초기화 완료
2025-03-28 14:05:27,035 - __main__ - INFO - line 93 - 시장 데이터 로드 시작...
2025-03-28 14:05:28,207 - __main__ - INFO - line 108 - 시장 데이터 로드 완료 (코스피: 2314, 코스닥: 1795)
2025-03-28 14:05:28,208 - __main__ - INFO - line 122 - VI 모니터링 시작 중...
2025-03-28 14:05:28,332 - __main__ - INFO - line 144 - VI 모니터링이 시작되었습니다
2025-03-28 14:05:28,340 - __main__ - INFO - line 163 - VI 응답: 정상처리되었습니다
2025-03-28 14:07:23,348 - __main__ - INFO - line 268 - 전략이 정상적으로 종료되었습니다
2025-03-28 14:07:24,634 - __main__ - INFO - line 68 - 전략 초기화 시작...
2025-03-28 14:07:24,637 - __main__ - INFO - line 82 - 전략 초기화 완료
2025-03-28 14:07:24,637 - __main__ - INFO - line 93 - 시장 데이터 로드 시작...
2025-03-28 14:07:25,720 - __main__ - INFO - line 108 - 시장 데이터 로드 완료 (코스피: 2314, 코스닥: 1795)
2025-03-28 14:07:25,720 - __main__ - INFO - line 122 - VI 모니터링 시작 중...
2025-03-28 14:07:25,844 - __main__ - INFO - line 144 - VI 모니터링이 시작되었습니다
2025-03-28 14:07:25,851 - __main__ - INFO - line 163 - VI 응답: 정상처리되었습니다
2025-03-28 14:07:32,197 - __main__ - ERROR - line 225 - VI 해제 처리 중 오류 발생: 'ref_shcode'
2025-03-28 14:09:46,391 - __main__ - INFO - line 268 - 전략이 정상적으로 종료되었습니다
2025-03-28 14:10:14,315 - __main__ - INFO - line 68 - 전략 초기화 시작...
2025-03-28 14:10:14,318 - __main__ - INFO - line 82 - 전략 초기화 완료
2025-03-28 14:10:14,318 - __main__ - INFO - line 93 - 시장 데이터 로드 시작...
2025-03-28 14:10:15,455 - __main__ - INFO - line 108 - 시장 데이터 로드 완료 (코스피: 2314, 코스닥: 1795)
2025-03-28 14:10:15,455 - __main__ - INFO - line 122 - VI 모니터링 시작 중...
2025-03-28 14:10:15,558 - __main__ - INFO - line 144 - VI 모니터링이 시작되었습니다
2025-03-28 14:10:15,566 - __main__ - INFO - line 163 - VI 응답: 정상처리되었습니다
2025-03-28 14:11:00,370 - __main__ - INFO - line 217 - VI 해제 감지 - 종목: 000540, 지속시간: N/A초
2025-03-28 14:11:24,314 - __main__ - INFO - line 268 - 전략이 정상적으로 종료되었습니다
2025-03-28 14:11:27,148 - __main__ - INFO - line 68 - 전략 초기화 시작...
2025-03-28 14:11:27,152 - __main__ - INFO - line 82 - 전략 초기화 완료
2025-03-28 14:11:27,153 - __main__ - INFO - line 93 - 시장 데이터 로드 시작...
2025-03-28 14:11:28,329 - __main__ - INFO - line 108 - 시장 데이터 로드 완료 (코스피: 2314, 코스닥: 1795)
2025-03-28 14:11:28,330 - __main__ - INFO - line 122 - VI 모니터링 시작 중...
2025-03-28 14:11:28,444 - __main__ - INFO - line 144 - VI 모니터링이 시작되었습니다
2025-03-28 14:11:28,450 - __main__ - INFO - line 163 - VI 응답: 정상처리되었습니다
2025-03-28 14:13:18,442 - __main__ - INFO - line 268 - 전략이 정상적으로 종료되었습니다
2025-03-28 14:13:27,811 - __main__ - INFO - line 68 - 전략 초기화 시작...
2025-03-28 14:13:27,816 - __main__ - INFO - line 82 - 전략 초기화 완료
2025-03-28 14:13:27,817 - __main__ - INFO - line 93 - 시장 데이터 로드 시작...
2025-03-28 14:13:28,939 - __main__ - INFO - line 108 - 시장 데이터 로드 완료 (코스피: 2314, 코스닥: 1795)
2025-03-28 14:13:28,940 - __main__ - INFO - line 122 - VI 모니터링 시작 중...
2025-03-28 14:13:29,053 - __main__ - INFO - line 144 - VI 모니터링이 시작되었습니다
2025-03-28 14:13:29,061 - __main__ - INFO - line 163 - VI 응답: 정상처리되었습니다
2025-03-28 14:14:20,219 - __main__ - INFO - line 217 - VI 해제 감지 - 종목: 340360, 지속시간: N/A초
2025-03-28 14:15:19,991 - __main__ - INFO - line 217 - VI 해제 감지 - 종목: 025620, 지속시간: N/A초
2025-03-28 14:16:45,790 - __main__ - INFO - line 217 - VI 해제 감지 - 종목: 060240, 지속시간: N/A초
2025-03-28 14:17:20,828 - __main__ - INFO - line 217 - VI 해제 감지 - 종목: 475560, 지속시간: N/A초
2025-03-28 14:19:09,103 - __main__ - INFO - line 217 - VI 해제 감지 - 종목: 060380, 지속시간: N/A초
2025-03-28 14:19:17,112 - __main__ - INFO - line 217 - VI 해제 감지 - 종목: 048470, 지속시간: N/A초
2025-03-28 14:19:17,713 - __main__ - INFO - line 217 - VI 해제 감지 - 종목: 010130, 지속시간: N/A초
2025-03-28 14:21:01,735 - __main__ - INFO - line 217 - VI 해제 감지 - 종목: 344860, 지속시간: N/A초
2025-03-28 14:21:23,167 - __main__ - INFO - line 268 - 전략이 정상적으로 종료되었습니다
2025-03-28 14:21:25,049 - __main__ - INFO - line 68 - 전략 초기화 시작...
2025-03-28 14:21:25,054 - __main__ - INFO - line 82 - 전략 초기화 완료
2025-03-28 14:21:25,054 - __main__ - INFO - line 93 - 시장 데이터 로드 시작...
2025-03-28 14:21:26,179 - __main__ - INFO - line 108 - 시장 데이터 로드 완료 (코스피: 2314, 코스닥: 1795)
2025-03-28 14:21:26,180 - __main__ - INFO - line 122 - VI 모니터링 시작 중...
2025-03-28 14:21:26,311 - __main__ - INFO - line 144 - VI 모니터링이 시작되었습니다
2025-03-28 14:21:26,319 - __main__ - INFO - line 163 - VI 응답: 정상처리되었습니다
2025-03-28 14:21:31,391 - __main__ - INFO - line 260 - 전략이 정상적으로 종료되었습니다
2025-03-28 14:25:28,609 - __main__ - INFO - line 68 - 전략 초기화 시작...
2025-03-28 14:25:28,612 - __main__ - INFO - line 82 - 전략 초기화 완료
2025-03-28 14:25:28,612 - __main__ - INFO - line 93 - 시장 데이터 로드 시작...
2025-03-28 14:25:29,746 - __main__ - INFO - line 108 - 시장 데이터 로드 완료 (코스피: 2314, 코스닥: 1795)
2025-03-28 14:25:29,746 - __main__ - INFO - line 122 - VI 모니터링 시작 중...
2025-03-28 14:25:29,865 - __main__ - INFO - line 144 - VI 모니터링이 시작되었습니다
2025-03-28 14:25:29,872 - __main__ - INFO - line 163 - VI 응답: 정상처리되었습니다
2025-03-28 14:26:03,267 - __main__ - INFO - line 197 - VI 발동 감지 - 종목: 000000, 현재가: N/A, VI유형: 1
2025-03-28 14:28:14,045 - __main__ - INFO - line 208 - VI 해제 감지 - 종목: 154030, 정적기준가: 0, 동적기준가: 0, 발동가: 0
2025-03-28 14:29:01,213 - __main__ - INFO - line 197 - VI 발동 감지 - 종목: 000000, 현재가: N/A, VI유형: 2
2025-03-28 14:29:22,423 - __main__ - INFO - line 256 - 전략이 정상적으로 종료되었습니다
2025-03-28 14:29:24,596 - __main__ - INFO - line 68 - 전략 초기화 시작...
2025-03-28 14:29:24,599 - __main__ - INFO - line 82 - 전략 초기화 완료
2025-03-28 14:29:24,600 - __main__ - INFO - line 93 - 시장 데이터 로드 시작...
2025-03-28 14:29:25,772 - __main__ - INFO - line 108 - 시장 데이터 로드 완료 (코스피: 2314, 코스닥: 1795)
2025-03-28 14:29:25,772 - __main__ - INFO - line 122 - VI 모니터링 시작 중...
2025-03-28 14:29:25,890 - __main__ - INFO - line 144 - VI 모니터링이 시작되었습니다
2025-03-28 14:29:25,897 - __main__ - INFO - line 163 - VI 응답: 정상처리되었습니다
2025-03-28 14:29:29,261 - __main__ - INFO - line 200 - VI 발동 감지 - 종목: 020180, 현재가: N/A, VI유형: 정적발동
2025-03-28 14:31:06,102 - __main__ - INFO - line 211 - VI 해제 감지 - 종목: 073540, 정적기준가: 0, 동적기준가: 0, 발동가: 0
2025-03-28 14:31:42,892 - __main__ - INFO - line 211 - VI 해제 감지 - 종목: 020180, 정적기준가: 0, 동적기준가: 0, 발동가: 0
2025-03-28 14:32:42,888 - __main__ - INFO - line 200 - VI 발동 감지 - 종목: 199550, 현재가: N/A, VI유형: 정적발동
2025-03-28 14:32:50,851 - __main__ - INFO - line 200 - VI 발동 감지 - 종목: 013360, 현재가: N/A, VI유형: 정적발동
2025-03-28 14:33:13,422 - __main__ - INFO - line 259 - 전략이 정상적으로 종료되었습니다
2025-03-28 14:33:15,193 - __main__ - INFO - line 68 - 전략 초기화 시작...
2025-03-28 14:33:15,201 - __main__ - INFO - line 82 - 전략 초기화 완료
2025-03-28 14:33:15,202 - __main__ - INFO - line 93 - 시장 데이터 로드 시작...
2025-03-28 14:33:16,407 - __main__ - INFO - line 108 - 시장 데이터 로드 완료 (코스피: 2314, 코스닥: 1795)
2025-03-28 14:33:16,408 - __main__ - INFO - line 122 - VI 모니터링 시작 중...
2025-03-28 14:33:16,544 - __main__ - INFO - line 144 - VI 모니터링이 시작되었습니다
2025-03-28 14:33:16,563 - __main__ - INFO - line 163 - VI 응답: 정상처리되었습니다
2025-03-28 14:34:49,534 - __main__ - INFO - line 211 - VI 해제 감지 - 종목: 199550, 정적기준가: 0, 동적기준가: 0, 발동가: 0
2025-03-28 14:35:01,098 - __main__ - INFO - line 211 - VI 해제 감지 - 종목: 013360, 정적기준가: 0, 동적기준가: 0, 발동가: 0
2025-03-28 14:35:34,857 - __main__ - INFO - line 259 - 전략이 정상적으로 종료되었습니다
