2025-03-28 00:26:33,185 - __main__ - INFO - F:\Trading_platform\LS\LS_VIstrategy_v01_2025_03_28\strategy\strategy.py:51 - 토큰 초기화 완료
2025-03-28 00:26:34,183 - __main__ - INFO - F:\Trading_platform\LS\LS_VIstrategy_v01_2025_03_28\strategy\strategy.py:77 - 시장 데이터 로드 완료 (코스피: 2314, 코스닥: 1796)
2025-03-28 00:26:34,302 - __main__ - INFO - F:\Trading_platform\LS\LS_VIstrategy_v01_2025_03_28\strategy\strategy.py:106 - VI 모니터링이 시작되었습니다.
2025-03-28 00:27:18,058 - __main__ - ERROR - F:\Trading_platform\LS\LS_VIstrategy_v01_2025_03_28\strategy\strategy.py:214 - 전략 중지 중 오류 발생: CLOSED
2025-03-28 00:27:20,364 - __main__ - INFO - line 51 - 토큰 초기화 완료
2025-03-28 00:27:21,290 - __main__ - INFO - line 77 - 시장 데이터 로드 완료 (코스피: 2314, 코스닥: 1796)
2025-03-28 00:27:21,399 - __main__ - INFO - line 106 - VI 모니터링이 시작되었습니다.
2025-03-28 00:34:18,699 - __main__ - ERROR - line 214 - 전략 중지 중 오류 발생: CLOSED
2025-03-28 00:34:20,552 - __main__ - INFO - line 51 - 토큰 초기화 완료
2025-03-28 00:34:21,506 - __main__ - INFO - line 77 - 시장 데이터 로드 완료 (코스피: 2314, 코스닥: 1796)
2025-03-28 00:34:21,620 - __main__ - INFO - line 106 - VI 모니터링이 시작되었습니다.
2025-03-28 00:36:55,137 - __main__ - ERROR - line 214 - 전략 중지 중 오류 발생: CLOSED
2025-03-28 00:36:56,963 - __main__ - INFO - line 51 - 토큰 초기화 완료
2025-03-28 00:36:57,899 - __main__ - INFO - line 77 - 시장 데이터 로드 완료 (코스피: 2314, 코스닥: 1796)
2025-03-28 00:36:58,022 - __main__ - INFO - line 106 - VI 모니터링이 시작되었습니다.
2025-03-28 00:40:19,546 - __main__ - ERROR - line 214 - 전략 중지 중 오류 발생: CLOSED
2025-03-28 00:45:34,963 - __main__ - INFO - line 51 - 토큰 초기화 완료
2025-03-28 00:45:35,933 - __main__ - INFO - line 77 - 시장 데이터 로드 완료 (코스피: 2314, 코스닥: 1796)
2025-03-28 00:45:36,048 - __main__ - INFO - line 106 - VI 모니터링이 시작되었습니다.
2025-03-28 00:48:55,759 - __main__ - ERROR - line 214 - 전략 중지 중 오류 발생: CLOSED
2025-03-28 00:48:57,544 - __main__ - INFO - line 51 - 토큰 초기화 완료
2025-03-28 00:48:58,488 - __main__ - INFO - line 77 - 시장 데이터 로드 완료 (코스피: 2314, 코스닥: 1796)
2025-03-28 00:48:58,601 - __main__ - INFO - line 106 - VI 모니터링이 시작되었습니다.
2025-03-28 00:50:52,937 - __main__ - ERROR - line 214 - 전략 중지 중 오류 발생: CLOSED
2025-03-28 00:50:54,560 - __main__ - INFO - line 51 - 토큰 초기화 완료
2025-03-28 00:50:55,517 - __main__ - INFO - line 77 - 시장 데이터 로드 완료 (코스피: 2314, 코스닥: 1796)
2025-03-28 00:50:55,640 - __main__ - INFO - line 106 - VI 모니터링이 시작되었습니다.
2025-03-28 00:51:33,880 - __main__ - ERROR - line 214 - 전략 중지 중 오류 발생: CLOSED
2025-03-28 00:51:35,581 - __main__ - INFO - line 51 - 토큰 초기화 완료
2025-03-28 00:51:36,520 - __main__ - INFO - line 77 - 시장 데이터 로드 완료 (코스피: 2314, 코스닥: 1796)
2025-03-28 00:51:36,636 - __main__ - INFO - line 106 - VI 모니터링이 시작되었습니다.
2025-03-28 00:54:14,830 - __main__ - ERROR - line 214 - 전략 중지 중 오류 발생: CLOSED
2025-03-28 00:54:16,284 - __main__ - INFO - line 51 - 토큰 초기화 완료
2025-03-28 00:54:17,248 - __main__ - INFO - line 77 - 시장 데이터 로드 완료 (코스피: 2314, 코스닥: 1796)
2025-03-28 00:54:42,622 - __main__ - INFO - line 211 - 전략이 중지되었습니다.
2025-03-28 00:54:44,049 - __main__ - INFO - line 51 - 토큰 초기화 완료
2025-03-28 00:54:44,989 - __main__ - INFO - line 77 - 시장 데이터 로드 완료 (코스피: 2314, 코스닥: 1796)
2025-03-28 00:54:45,106 - __main__ - INFO - line 106 - VI 모니터링이 시작되었습니다.
2025-03-28 00:56:22,482 - __main__ - ERROR - line 214 - 전략 중지 중 오류 발생: CLOSED
2025-03-28 00:56:24,002 - __main__ - INFO - line 51 - 토큰 초기화 완료
2025-03-28 00:56:24,937 - __main__ - INFO - line 77 - 시장 데이터 로드 완료 (코스피: 2314, 코스닥: 1796)
2025-03-28 00:56:25,047 - __main__ - INFO - line 106 - VI 모니터링이 시작되었습니다.
2025-03-28 00:57:38,042 - __main__ - ERROR - line 214 - 전략 중지 중 오류 발생: CLOSED
2025-03-28 00:57:39,399 - __main__ - INFO - line 51 - 토큰 초기화 완료
2025-03-28 00:57:40,359 - __main__ - INFO - line 77 - 시장 데이터 로드 완료 (코스피: 2314, 코스닥: 1796)
2025-03-28 00:57:40,474 - __main__ - INFO - line 106 - VI 모니터링이 시작되었습니다.
2025-03-28 00:58:41,152 - __main__ - ERROR - line 214 - 전략 중지 중 오류 발생: CLOSED
2025-03-28 00:58:42,623 - __main__ - INFO - line 51 - 토큰 초기화 완료
2025-03-28 00:58:43,563 - __main__ - INFO - line 77 - 시장 데이터 로드 완료 (코스피: 2314, 코스닥: 1796)
2025-03-28 00:58:43,663 - __main__ - INFO - line 106 - VI 모니터링이 시작되었습니다.
2025-03-28 00:59:10,168 - __main__ - ERROR - line 214 - 전략 중지 중 오류 발생: CLOSED
2025-03-28 00:59:11,446 - __main__ - INFO - line 51 - 토큰 초기화 완료
2025-03-28 00:59:12,409 - __main__ - INFO - line 77 - 시장 데이터 로드 완료 (코스피: 2314, 코스닥: 1796)
2025-03-28 00:59:12,530 - __main__ - INFO - line 106 - VI 모니터링이 시작되었습니다.
2025-03-28 01:00:29,544 - __main__ - ERROR - line 214 - 전략 중지 중 오류 발생: CLOSED
2025-03-28 01:00:30,943 - __main__ - INFO - line 51 - 토큰 초기화 완료
2025-03-28 01:00:31,895 - __main__ - INFO - line 77 - 시장 데이터 로드 완료 (코스피: 2314, 코스닥: 1796)
2025-03-28 01:00:32,018 - __main__ - INFO - line 106 - VI 모니터링이 시작되었습니다.
2025-03-28 01:02:14,528 - __main__ - ERROR - line 214 - 전략 중지 중 오류 발생: CLOSED
2025-03-28 01:02:15,941 - __main__ - INFO - line 51 - 토큰 초기화 완료
2025-03-28 01:02:16,898 - __main__ - INFO - line 77 - 시장 데이터 로드 완료 (코스피: 2314, 코스닥: 1796)
2025-03-28 01:02:17,016 - __main__ - INFO - line 106 - VI 모니터링이 시작되었습니다.
2025-03-28 01:04:57,592 - __main__ - ERROR - line 214 - 전략 중지 중 오류 발생: CLOSED
2025-03-28 01:05:03,384 - __main__ - INFO - line 51 - 토큰 초기화 완료
2025-03-28 01:05:04,330 - __main__ - INFO - line 77 - 시장 데이터 로드 완료 (코스피: 2314, 코스닥: 1796)
2025-03-28 01:05:04,445 - __main__ - INFO - line 106 - VI 모니터링이 시작되었습니다.
2025-03-28 01:05:10,311 - __main__ - ERROR - line 214 - 전략 중지 중 오류 발생: CLOSED
2025-03-28 01:05:20,826 - __main__ - INFO - line 51 - 토큰 초기화 완료
2025-03-28 01:05:21,760 - __main__ - INFO - line 77 - 시장 데이터 로드 완료 (코스피: 2314, 코스닥: 1796)
2025-03-28 01:05:21,877 - __main__ - INFO - line 106 - VI 모니터링이 시작되었습니다.
2025-03-28 01:06:35,864 - __main__ - ERROR - line 214 - 전략 중지 중 오류 발생: CLOSED
2025-03-28 01:06:37,301 - __main__ - INFO - line 51 - 토큰 초기화 완료
2025-03-28 01:06:38,261 - __main__ - INFO - line 77 - 시장 데이터 로드 완료 (코스피: 2314, 코스닥: 1796)
2025-03-28 01:06:38,377 - __main__ - INFO - line 106 - VI 모니터링이 시작되었습니다.
2025-03-28 01:07:17,117 - __main__ - ERROR - line 214 - 전략 중지 중 오류 발생: CLOSED
2025-03-28 01:07:19,283 - __main__ - INFO - line 51 - 토큰 초기화 완료
2025-03-28 01:07:20,245 - __main__ - INFO - line 77 - 시장 데이터 로드 완료 (코스피: 2314, 코스닥: 1796)
2025-03-28 01:07:20,367 - __main__ - INFO - line 106 - VI 모니터링이 시작되었습니다.
2025-03-28 01:08:23,595 - __main__ - ERROR - line 214 - 전략 중지 중 오류 발생: CLOSED
2025-03-28 01:08:24,822 - __main__ - INFO - line 51 - 토큰 초기화 완료
2025-03-28 01:08:25,761 - __main__ - INFO - line 77 - 시장 데이터 로드 완료 (코스피: 2314, 코스닥: 1796)
2025-03-28 01:08:25,883 - __main__ - INFO - line 106 - VI 모니터링이 시작되었습니다.
2025-03-28 01:14:08,714 - __main__ - ERROR - line 214 - 전략 중지 중 오류 발생: CLOSED
2025-03-28 01:14:10,163 - __main__ - INFO - line 51 - 토큰 초기화 완료
2025-03-28 01:14:11,161 - __main__ - INFO - line 77 - 시장 데이터 로드 완료 (코스피: 2314, 코스닥: 1796)
2025-03-28 01:14:11,280 - __main__ - INFO - line 106 - VI 모니터링이 시작되었습니다.
2025-03-28 01:17:23,935 - __main__ - ERROR - line 214 - 전략 중지 중 오류 발생: CLOSED
2025-03-28 01:17:25,313 - __main__ - INFO - line 51 - 토큰 초기화 완료
2025-03-28 01:17:26,291 - __main__ - INFO - line 77 - 시장 데이터 로드 완료 (코스피: 2314, 코스닥: 1796)
2025-03-28 01:17:26,399 - __main__ - INFO - line 106 - VI 모니터링이 시작되었습니다.
2025-03-28 01:17:46,623 - __main__ - ERROR - line 214 - 전략 중지 중 오류 발생: CLOSED
