2025-03-28 00:26:34,187 - api.realtime.websocket.websocket_manager - INFO - F:\Trading_platform\LS\LS_VIstrategy_v01_2025_03_28\api\realtime\websocket\websocket_manager.py:96 - 웹소켓 매니저 시작 중...
2025-03-28 00:26:34,188 - api.realtime.websocket.websocket_manager - INFO - F:\Trading_platform\LS\LS_VIstrategy_v01_2025_03_28\api\realtime\websocket\websocket_manager.py:126 - 웹소켓 클라이언트 연결 시도 중...
2025-03-28 00:26:34,189 - api.realtime.websocket.websocket_manager - INFO - F:\Trading_platform\LS\LS_VIstrategy_v01_2025_03_28\api\realtime\websocket\websocket_manager.py:136 - 웹소켓 연결 시도 중...
2025-03-28 00:26:34,215 - api.realtime.websocket.websocket_manager - ERROR - F:\Trading_platform\LS\LS_VIstrategy_v01_2025_03_28\api\realtime\websocket\websocket_manager.py:157 - 연결 시작 처리 중 오류: no running event loop
2025-03-28 00:26:34,301 - api.realtime.websocket.websocket_manager - INFO - F:\Trading_platform\LS\LS_VIstrategy_v01_2025_03_28\api\realtime\websocket\websocket_manager.py:144 - 웹소켓 연결 성공
2025-03-28 00:26:34,302 - api.realtime.websocket.websocket_manager - INFO - F:\Trading_platform\LS\LS_VIstrategy_v01_2025_03_28\api\realtime\websocket\websocket_manager.py:205 - VI 구독 요청 전송 완료: VI__000000
2025-03-28 00:26:34,308 - api.realtime.websocket.websocket_manager - ERROR - F:\Trading_platform\LS\LS_VIstrategy_v01_2025_03_28\api\realtime\websocket\websocket_manager.py:257 - 메시지 처리 중 오류: 'NoneType' object has no attribute 'get'
2025-03-28 00:27:18,057 - api.realtime.websocket.websocket_manager - INFO - F:\Trading_platform\LS\LS_VIstrategy_v01_2025_03_28\api\realtime\websocket\websocket_manager.py:233 - VI 구독 해제 요청 전송 완료: VI__000000
2025-03-28 00:27:18,065 - api.realtime.websocket.websocket_manager - ERROR - F:\Trading_platform\LS\LS_VIstrategy_v01_2025_03_28\api\realtime\websocket\websocket_manager.py:257 - 메시지 처리 중 오류: 'NoneType' object has no attribute 'get'
2025-03-28 00:27:21,293 - api.realtime.websocket.websocket_manager - INFO - line 96 - 웹소켓 매니저 시작 중...
2025-03-28 00:27:21,294 - api.realtime.websocket.websocket_manager - INFO - line 126 - 웹소켓 클라이언트 연결 시도 중...
2025-03-28 00:27:21,294 - api.realtime.websocket.websocket_manager - INFO - line 136 - 웹소켓 연결 시도 중...
2025-03-28 00:27:21,319 - api.realtime.websocket.websocket_manager - ERROR - line 157 - 연결 시작 처리 중 오류: no running event loop
2025-03-28 00:27:21,398 - api.realtime.websocket.websocket_manager - INFO - line 144 - 웹소켓 연결 성공
2025-03-28 00:27:21,398 - api.realtime.websocket.websocket_manager - INFO - line 205 - VI 구독 요청 전송 완료: VI__000000
2025-03-28 00:27:21,405 - api.realtime.websocket.websocket_manager - ERROR - line 257 - 메시지 처리 중 오류: 'NoneType' object has no attribute 'get'
2025-03-28 00:34:18,698 - api.realtime.websocket.websocket_manager - INFO - line 233 - VI 구독 해제 요청 전송 완료: VI__000000
2025-03-28 00:34:18,705 - api.realtime.websocket.websocket_manager - ERROR - line 257 - 메시지 처리 중 오류: 'NoneType' object has no attribute 'get'
2025-03-28 00:34:21,508 - api.realtime.websocket.websocket_manager - INFO - line 96 - 웹소켓 매니저 시작 중...
2025-03-28 00:34:21,509 - api.realtime.websocket.websocket_manager - INFO - line 126 - 웹소켓 클라이언트 연결 시도 중...
2025-03-28 00:34:21,509 - api.realtime.websocket.websocket_manager - INFO - line 136 - 웹소켓 연결 시도 중...
2025-03-28 00:34:21,545 - api.realtime.websocket.websocket_manager - ERROR - line 157 - 연결 시작 처리 중 오류: no running event loop
2025-03-28 00:34:21,619 - api.realtime.websocket.websocket_manager - INFO - line 144 - 웹소켓 연결 성공
2025-03-28 00:34:21,619 - api.realtime.websocket.websocket_manager - INFO - line 205 - VI 구독 요청 전송 완료: VI__000000
2025-03-28 00:36:55,136 - api.realtime.websocket.websocket_manager - INFO - line 233 - VI 구독 해제 요청 전송 완료: VI__000000
2025-03-28 00:36:57,901 - api.realtime.websocket.websocket_manager - INFO - line 96 - 웹소켓 매니저 시작 중...
2025-03-28 00:36:57,902 - api.realtime.websocket.websocket_manager - INFO - line 126 - 웹소켓 클라이언트 연결 시도 중...
2025-03-28 00:36:57,902 - api.realtime.websocket.websocket_manager - INFO - line 136 - 웹소켓 연결 시도 중...
2025-03-28 00:36:57,951 - api.realtime.websocket.websocket_manager - ERROR - line 157 - 연결 시작 처리 중 오류: no running event loop
2025-03-28 00:36:58,021 - api.realtime.websocket.websocket_manager - INFO - line 144 - 웹소켓 연결 성공
2025-03-28 00:36:58,021 - api.realtime.websocket.websocket_manager - INFO - line 205 - VI 구독 요청 전송 완료: VI__000000
2025-03-28 00:40:19,545 - api.realtime.websocket.websocket_manager - INFO - line 233 - VI 구독 해제 요청 전송 완료: VI__000000
2025-03-28 00:45:35,935 - api.realtime.websocket.websocket_manager - INFO - line 96 - 웹소켓 매니저 시작 중...
2025-03-28 00:45:35,936 - api.realtime.websocket.websocket_manager - INFO - line 126 - 웹소켓 클라이언트 연결 시도 중...
2025-03-28 00:45:35,936 - api.realtime.websocket.websocket_manager - INFO - line 136 - 웹소켓 연결 시도 중...
2025-03-28 00:45:35,976 - api.realtime.websocket.websocket_manager - ERROR - line 157 - 연결 시작 처리 중 오류: no running event loop
2025-03-28 00:45:36,047 - api.realtime.websocket.websocket_manager - INFO - line 144 - 웹소켓 연결 성공
2025-03-28 00:45:36,048 - api.realtime.websocket.websocket_manager - INFO - line 205 - VI 구독 요청 전송 완료: VI__000000
2025-03-28 00:48:55,757 - api.realtime.websocket.websocket_manager - INFO - line 233 - VI 구독 해제 요청 전송 완료: VI__000000
2025-03-28 00:48:58,490 - api.realtime.websocket.websocket_manager - INFO - line 96 - 웹소켓 매니저 시작 중...
2025-03-28 00:48:58,491 - api.realtime.websocket.websocket_manager - INFO - line 126 - 웹소켓 클라이언트 연결 시도 중...
2025-03-28 00:48:58,492 - api.realtime.websocket.websocket_manager - INFO - line 136 - 웹소켓 연결 시도 중...
2025-03-28 00:48:58,540 - api.realtime.websocket.websocket_manager - ERROR - line 157 - 연결 시작 처리 중 오류: no running event loop
2025-03-28 00:48:58,599 - api.realtime.websocket.websocket_manager - INFO - line 144 - 웹소켓 연결 성공
2025-03-28 00:48:58,600 - api.realtime.websocket.websocket_manager - INFO - line 205 - VI 구독 요청 전송 완료: VI__000000
2025-03-28 00:50:52,935 - api.realtime.websocket.websocket_manager - INFO - line 233 - VI 구독 해제 요청 전송 완료: VI__000000
2025-03-28 00:50:55,519 - api.realtime.websocket.websocket_manager - INFO - line 96 - 웹소켓 매니저 시작 중...
2025-03-28 00:50:55,520 - api.realtime.websocket.websocket_manager - INFO - line 126 - 웹소켓 클라이언트 연결 시도 중...
2025-03-28 00:50:55,520 - api.realtime.websocket.websocket_manager - INFO - line 136 - 웹소켓 연결 시도 중...
2025-03-28 00:50:55,546 - api.realtime.websocket.websocket_manager - ERROR - line 164 - 연결 시작 처리 중 오류 (line 371): no running event loop
2025-03-28 00:50:55,639 - api.realtime.websocket.websocket_manager - INFO - line 144 - 웹소켓 연결 성공
2025-03-28 00:50:55,640 - api.realtime.websocket.websocket_manager - INFO - line 212 - VI 구독 요청 전송 완료: VI__000000
2025-03-28 00:51:33,879 - api.realtime.websocket.websocket_manager - INFO - line 240 - VI 구독 해제 요청 전송 완료: VI__000000
2025-03-28 00:51:36,522 - api.realtime.websocket.websocket_manager - INFO - line 96 - 웹소켓 매니저 시작 중...
2025-03-28 00:51:36,523 - api.realtime.websocket.websocket_manager - INFO - line 126 - 웹소켓 클라이언트 연결 시도 중...
2025-03-28 00:51:36,523 - api.realtime.websocket.websocket_manager - INFO - line 136 - 웹소켓 연결 시도 중...
2025-03-28 00:51:36,563 - api.realtime.websocket.websocket_manager - ERROR - line 172 - 연결 시작 처리 중 오류 (line 371): no running event loop
2025-03-28 00:51:36,635 - api.realtime.websocket.websocket_manager - INFO - line 144 - 웹소켓 연결 성공
2025-03-28 00:51:36,635 - api.realtime.websocket.websocket_manager - INFO - line 220 - VI 구독 요청 전송 완료: VI__000000
2025-03-28 00:54:14,829 - api.realtime.websocket.websocket_manager - INFO - line 248 - VI 구독 해제 요청 전송 완료: VI__000000
2025-03-28 00:54:17,250 - api.realtime.websocket.websocket_manager - INFO - line 121 - 웹소켓 매니저 시작 중...
2025-03-28 00:54:17,251 - api.realtime.websocket.websocket_manager - INFO - line 151 - 웹소켓 클라이언트 연결 시도 중...
2025-03-28 00:54:17,252 - api.realtime.websocket.websocket_manager - INFO - line 161 - 웹소켓 연결 시도 중...
2025-03-28 00:54:44,991 - api.realtime.websocket.websocket_manager - INFO - line 121 - 웹소켓 매니저 시작 중...
2025-03-28 00:54:44,992 - api.realtime.websocket.websocket_manager - INFO - line 151 - 웹소켓 클라이언트 연결 시도 중...
2025-03-28 00:54:44,992 - api.realtime.websocket.websocket_manager - INFO - line 161 - 웹소켓 연결 시도 중...
2025-03-28 00:54:45,019 - api.realtime.websocket.websocket_manager - ERROR - line 182 - 연결 시작 처리 중 오류 (line 371): no running event loop
2025-03-28 00:54:45,105 - api.realtime.websocket.websocket_manager - INFO - line 169 - 웹소켓 연결 성공
2025-03-28 00:56:24,939 - api.realtime.websocket.websocket_manager - INFO - line 121 - 웹소켓 매니저 시작 중...
2025-03-28 00:56:24,940 - api.realtime.websocket.websocket_manager - INFO - line 151 - 웹소켓 클라이언트 연결 시도 중...
2025-03-28 00:56:24,940 - api.realtime.websocket.websocket_manager - INFO - line 161 - 웹소켓 연결 시도 중...
2025-03-28 00:56:24,989 - api.realtime.websocket.websocket_manager - ERROR - line 196 - 연결 시작 처리 중 오류 (line 371): no running event loop
2025-03-28 00:56:25,044 - api.realtime.websocket.websocket_manager - INFO - line 169 - 웹소켓 연결 성공
2025-03-28 00:56:25,045 - api.realtime.websocket.websocket_manager - INFO - line 244 - VI 구독 요청 전송 완료: VI__000000
2025-03-28 00:57:38,041 - api.realtime.websocket.websocket_manager - INFO - line 272 - VI 구독 해제 요청 전송 완료: VI__000000
2025-03-28 00:57:40,361 - api.realtime.websocket.websocket_manager - INFO - line 141 - 웹소켓 매니저 시작 중...
2025-03-28 00:57:40,362 - api.realtime.websocket.websocket_manager - INFO - line 171 - 웹소켓 클라이언트 연결 시도 중...
2025-03-28 00:57:40,362 - api.realtime.websocket.websocket_manager - INFO - line 181 - 웹소켓 연결 시도 중...
2025-03-28 00:57:40,400 - api.realtime.websocket.websocket_manager - ERROR - line 205 - 연결 시작 처리 중 오류 (line 371): no running event loop
2025-03-28 00:57:40,473 - api.realtime.websocket.websocket_manager - INFO - line 189 - 웹소켓 연결 성공
2025-03-28 00:57:40,473 - api.realtime.websocket.websocket_manager - INFO - line 253 - VI 구독 요청 전송 완료: VI__000000
2025-03-28 00:58:41,151 - api.realtime.websocket.websocket_manager - INFO - line 281 - VI 구독 해제 요청 전송 완료: VI__000000
2025-03-28 00:58:43,565 - api.realtime.websocket.websocket_manager - INFO - line 149 - 웹소켓 매니저 시작 중...
2025-03-28 00:58:43,566 - api.realtime.websocket.websocket_manager - INFO - line 179 - 웹소켓 클라이언트 연결 시도 중...
2025-03-28 00:58:43,567 - api.realtime.websocket.websocket_manager - INFO - line 189 - 웹소켓 연결 시도 중...
2025-03-28 00:58:43,604 - api.realtime.websocket.websocket_manager - ERROR - line 213 - 연결 시작 처리 중 오류 (line 371): no running event loop
2025-03-28 00:58:43,661 - api.realtime.websocket.websocket_manager - INFO - line 197 - 웹소켓 연결 성공
2025-03-28 00:58:43,662 - api.realtime.websocket.websocket_manager - INFO - line 261 - VI 구독 요청 전송 완료: VI__000000
2025-03-28 00:59:10,167 - api.realtime.websocket.websocket_manager - INFO - line 289 - VI 구독 해제 요청 전송 완료: VI__000000
2025-03-28 00:59:12,411 - api.realtime.websocket.websocket_manager - INFO - line 141 - 웹소켓 매니저 시작 중...
2025-03-28 00:59:12,413 - api.realtime.websocket.websocket_manager - INFO - line 171 - 웹소켓 클라이언트 연결 시도 중...
2025-03-28 00:59:12,414 - api.realtime.websocket.websocket_manager - INFO - line 181 - 웹소켓 연결 시도 중...
2025-03-28 00:59:12,441 - api.realtime.websocket.websocket_manager - ERROR - line 205 - 연결 시작 처리 중 오류 (line 371): no running event loop
2025-03-28 00:59:12,528 - api.realtime.websocket.websocket_manager - INFO - line 189 - 웹소켓 연결 성공
2025-03-28 00:59:12,529 - api.realtime.websocket.websocket_manager - INFO - line 253 - VI 구독 요청 전송 완료: VI__000000
2025-03-28 01:00:29,542 - api.realtime.websocket.websocket_manager - INFO - line 281 - VI 구독 해제 요청 전송 완료: VI__000000
2025-03-28 01:00:31,897 - api.realtime.websocket.websocket_manager - INFO - line 141 - 웹소켓 매니저 시작 중...
2025-03-28 01:00:31,898 - api.realtime.websocket.websocket_manager - INFO - line 171 - 웹소켓 클라이언트 연결 시도 중...
2025-03-28 01:00:31,898 - api.realtime.websocket.websocket_manager - INFO - line 181 - 웹소켓 연결 시도 중...
2025-03-28 01:00:31,944 - api.realtime.websocket.websocket_manager - ERROR - line 205 - 연결 시작 처리 중 오류 (line 371): no running event loop
2025-03-28 01:00:32,017 - api.realtime.websocket.websocket_manager - INFO - line 189 - 웹소켓 연결 성공
2025-03-28 01:00:32,017 - api.realtime.websocket.websocket_manager - INFO - line 253 - VI 구독 요청 전송 완료: VI__000000
2025-03-28 01:02:14,527 - api.realtime.websocket.websocket_manager - INFO - line 281 - VI 구독 해제 요청 전송 완료: VI__000000
2025-03-28 01:02:16,901 - api.realtime.websocket.websocket_manager - INFO - line 141 - 웹소켓 매니저 시작 중...
2025-03-28 01:02:16,902 - api.realtime.websocket.websocket_manager - INFO - line 171 - 웹소켓 클라이언트 연결 시도 중...
2025-03-28 01:02:16,902 - api.realtime.websocket.websocket_manager - INFO - line 181 - 웹소켓 연결 시도 중...
2025-03-28 01:02:16,943 - api.realtime.websocket.websocket_manager - ERROR - line 217 - 연결 시작 처리 중 오류 (line 371): no running event loop
2025-03-28 01:02:17,015 - api.realtime.websocket.websocket_manager - INFO - line 189 - 웹소켓 연결 성공
2025-03-28 01:02:17,015 - api.realtime.websocket.websocket_manager - INFO - line 265 - VI 구독 요청 전송 완료: VI__000000
2025-03-28 01:04:57,591 - api.realtime.websocket.websocket_manager - INFO - line 293 - VI 구독 해제 요청 전송 완료: VI__000000
2025-03-28 01:05:04,332 - api.realtime.websocket.websocket_manager - INFO - line 141 - 웹소켓 매니저 시작 중...
2025-03-28 01:05:04,333 - api.realtime.websocket.websocket_manager - INFO - line 171 - 웹소켓 클라이언트 연결 시도 중...
2025-03-28 01:05:04,333 - api.realtime.websocket.websocket_manager - INFO - line 181 - 웹소켓 연결 시도 중...
2025-03-28 01:05:04,359 - api.realtime.websocket.websocket_manager - ERROR - line 217 - 연결 시작 처리 중 오류 (line 371): no running event loop
2025-03-28 01:05:04,444 - api.realtime.websocket.websocket_manager - INFO - line 189 - 웹소켓 연결 성공
2025-03-28 01:05:04,444 - api.realtime.websocket.websocket_manager - INFO - line 265 - VI 구독 요청 전송 완료: VI__000000
2025-03-28 01:05:10,310 - api.realtime.websocket.websocket_manager - INFO - line 293 - VI 구독 해제 요청 전송 완료: VI__000000
2025-03-28 01:05:21,762 - api.realtime.websocket.websocket_manager - INFO - line 141 - 웹소켓 매니저 시작 중...
2025-03-28 01:05:21,763 - api.realtime.websocket.websocket_manager - INFO - line 171 - 웹소켓 클라이언트 연결 시도 중...
2025-03-28 01:05:21,764 - api.realtime.websocket.websocket_manager - INFO - line 181 - 웹소켓 연결 시도 중...
2025-03-28 01:05:21,790 - api.realtime.websocket.websocket_manager - ERROR - line 217 - 연결 시작 처리 중 오류 (line 371): no running event loop
2025-03-28 01:05:21,875 - api.realtime.websocket.websocket_manager - INFO - line 189 - 웹소켓 연결 성공
2025-03-28 01:05:21,876 - api.realtime.websocket.websocket_manager - INFO - line 265 - VI 구독 요청 전송 완료: VI__000000
2025-03-28 01:06:35,862 - api.realtime.websocket.websocket_manager - INFO - line 293 - VI 구독 해제 요청 전송 완료: VI__000000
2025-03-28 01:06:38,263 - api.realtime.websocket.websocket_manager - INFO - line 141 - 웹소켓 매니저 시작 중...
2025-03-28 01:06:38,265 - api.realtime.websocket.websocket_manager - INFO - line 171 - 웹소켓 클라이언트 연결 시도 중...
2025-03-28 01:06:38,265 - api.realtime.websocket.websocket_manager - INFO - line 181 - 웹소켓 연결 시도 중...
2025-03-28 01:06:38,291 - api.realtime.websocket.websocket_manager - ERROR - line 205 - 연결 시작 처리 중 오류 (line 371): no running event loop
2025-03-28 01:06:38,376 - api.realtime.websocket.websocket_manager - INFO - line 189 - 웹소켓 연결 성공
2025-03-28 01:06:38,377 - api.realtime.websocket.websocket_manager - INFO - line 253 - VI 구독 요청 전송 완료: VI__000000
2025-03-28 01:07:17,115 - api.realtime.websocket.websocket_manager - INFO - line 281 - VI 구독 해제 요청 전송 완료: VI__000000
2025-03-28 01:07:20,247 - api.realtime.websocket.websocket_manager - INFO - line 141 - 웹소켓 매니저 시작 중...
2025-03-28 01:07:20,248 - api.realtime.websocket.websocket_manager - INFO - line 171 - 웹소켓 클라이언트 연결 시도 중...
2025-03-28 01:07:20,248 - api.realtime.websocket.websocket_manager - INFO - line 181 - 웹소켓 연결 시도 중...
2025-03-28 01:07:20,295 - api.realtime.websocket.websocket_manager - ERROR - line 205 - 연결 시작 처리 중 오류 (line 371): no running event loop
2025-03-28 01:07:20,366 - api.realtime.websocket.websocket_manager - INFO - line 189 - 웹소켓 연결 성공
2025-03-28 01:07:20,367 - api.realtime.websocket.websocket_manager - INFO - line 253 - VI 구독 요청 전송 완료: VI__000000
2025-03-28 01:08:23,593 - api.realtime.websocket.websocket_manager - INFO - line 281 - VI 구독 해제 요청 전송 완료: VI__000000
2025-03-28 01:08:25,763 - api.realtime.websocket.websocket_manager - INFO - line 141 - 웹소켓 매니저 시작 중...
2025-03-28 01:08:25,764 - api.realtime.websocket.websocket_manager - INFO - line 169 - 웹소켓 클라이언트 연결 시도 중...
2025-03-28 01:08:25,764 - api.realtime.websocket.websocket_manager - INFO - line 179 - 웹소켓 연결 시도 중...
2025-03-28 01:08:25,812 - api.realtime.websocket.websocket_manager - ERROR - line 203 - 연결 시작 처리 중 오류 (line 371): no running event loop
2025-03-28 01:08:25,882 - api.realtime.websocket.websocket_manager - INFO - line 187 - 웹소켓 연결 성공
2025-03-28 01:08:25,883 - api.realtime.websocket.websocket_manager - INFO - line 251 - VI 구독 요청 전송 완료: VI__000000
2025-03-28 01:14:08,713 - api.realtime.websocket.websocket_manager - INFO - line 279 - VI 구독 해제 요청 전송 완료: VI__000000
2025-03-28 01:14:11,162 - api.realtime.websocket.websocket_manager - INFO - line 141 - 웹소켓 매니저 시작 중...
2025-03-28 01:14:11,163 - api.realtime.websocket.websocket_manager - INFO - line 169 - 웹소켓 클라이언트 연결 시도 중...
2025-03-28 01:14:11,164 - api.realtime.websocket.websocket_manager - INFO - line 179 - 웹소켓 연결 시도 중...
2025-03-28 01:14:11,189 - api.realtime.websocket.websocket_manager - INFO - line 197 - 웹소켓 연결이 성공적으로 이루어졌습니다.
2025-03-28 01:14:11,191 - api.realtime.websocket.websocket_manager - ERROR - line 203 - 연결 시작 처리 중 오류 (line 371): no running event loop
2025-03-28 01:14:11,278 - api.realtime.websocket.websocket_manager - INFO - line 187 - 웹소켓 연결 성공
2025-03-28 01:14:11,278 - api.realtime.websocket.websocket_manager - INFO - line 251 - VI 구독 요청 전송 완료: VI__000000
2025-03-28 01:17:23,934 - api.realtime.websocket.websocket_manager - INFO - line 279 - VI 구독 해제 요청 전송 완료: VI__000000
2025-03-28 01:17:26,293 - api.realtime.websocket.websocket_manager - INFO - line 141 - 웹소켓 매니저 시작 중...
2025-03-28 01:17:26,294 - api.realtime.websocket.websocket_manager - INFO - line 169 - 웹소켓 클라이언트 연결 시도 중...
2025-03-28 01:17:26,294 - api.realtime.websocket.websocket_manager - INFO - line 179 - 웹소켓 연결 시도 중...
2025-03-28 01:17:26,397 - api.realtime.websocket.websocket_manager - INFO - line 93 - 웹소켓 연결이 성공적으로 이루어졌습니다.
2025-03-28 01:17:26,398 - api.realtime.websocket.websocket_manager - INFO - line 187 - 웹소켓 연결 성공
2025-03-28 01:17:26,398 - api.realtime.websocket.websocket_manager - INFO - line 247 - VI 구독 요청 전송 완료: VI__000000
2025-03-28 01:17:46,621 - api.realtime.websocket.websocket_manager - INFO - line 275 - VI 구독 해제 요청 전송 완료: VI__000000
