2025-03-28 00:26:33,185 - services.token_service - INFO - F:\Trading_platform\LS\LS_VIstrategy_v01_2025_03_28\services\token_service.py:128 - 토큰이 유효합니다.
2025-03-28 00:27:20,363 - services.token_service - INFO - line 128 - 토큰이 유효합니다.
2025-03-28 00:34:20,552 - services.token_service - INFO - line 128 - 토큰이 유효합니다.
2025-03-28 00:36:56,963 - services.token_service - INFO - line 128 - 토큰이 유효합니다.
2025-03-28 00:45:34,963 - services.token_service - INFO - line 128 - 토큰이 유효합니다.
2025-03-28 00:48:57,544 - services.token_service - INFO - line 128 - 토큰이 유효합니다.
2025-03-28 00:50:54,558 - services.token_service - INFO - line 128 - 토큰이 유효합니다.
2025-03-28 00:51:35,580 - services.token_service - INFO - line 128 - 토큰이 유효합니다.
2025-03-28 00:54:16,283 - services.token_service - INFO - line 128 - 토큰이 유효합니다.
2025-03-28 00:54:44,048 - services.token_service - INFO - line 128 - 토큰이 유효합니다.
2025-03-28 00:56:24,001 - services.token_service - INFO - line 128 - 토큰이 유효합니다.
2025-03-28 00:57:39,399 - services.token_service - INFO - line 128 - 토큰이 유효합니다.
2025-03-28 00:58:42,622 - services.token_service - INFO - line 128 - 토큰이 유효합니다.
2025-03-28 00:59:11,446 - services.token_service - INFO - line 128 - 토큰이 유효합니다.
2025-03-28 01:00:30,942 - services.token_service - INFO - line 128 - 토큰이 유효합니다.
2025-03-28 01:02:15,940 - services.token_service - INFO - line 128 - 토큰이 유효합니다.
2025-03-28 01:05:03,384 - services.token_service - INFO - line 128 - 토큰이 유효합니다.
2025-03-28 01:05:20,826 - services.token_service - INFO - line 128 - 토큰이 유효합니다.
2025-03-28 01:06:37,301 - services.token_service - INFO - line 128 - 토큰이 유효합니다.
2025-03-28 01:07:19,282 - services.token_service - INFO - line 128 - 토큰이 유효합니다.
2025-03-28 01:08:24,821 - services.token_service - INFO - line 128 - 토큰이 유효합니다.
2025-03-28 01:14:10,163 - services.token_service - INFO - line 128 - 토큰이 유효합니다.
2025-03-28 01:17:25,313 - services.token_service - INFO - line 128 - 토큰이 유효합니다.
2025-03-28 01:20:26,265 - services.token_service - INFO - line 128 - 토큰이 유효합니다.
2025-03-28 01:23:31,304 - services.token_service - INFO - line 128 - 토큰이 유효합니다.
2025-03-28 01:30:31,253 - services.token_service - INFO - line 128 - 토큰이 유효합니다.
2025-03-28 01:32:56,067 - services.token_service - INFO - line 128 - 토큰이 유효합니다.
2025-03-28 01:35:27,367 - services.token_service - INFO - line 128 - 토큰이 유효합니다.
2025-03-28 01:36:45,290 - services.token_service - INFO - line 128 - 토큰이 유효합니다.
2025-03-28 01:38:29,113 - services.token_service - INFO - line 128 - 토큰이 유효합니다.
2025-03-28 01:38:49,739 - services.token_service - INFO - line 128 - 토큰이 유효합니다.
2025-03-28 08:53:39,517 - services.token_service - INFO - line 131 - 토큰이 만료되었거나 없습니다. 새로운 토큰을 발급합니다.
2025-03-28 08:53:39,896 - services.token_service - INFO - line 66 - 토큰이 .env 파일에 저장되었습니다.
2025-03-28 08:53:39,897 - services.token_service - INFO - line 115 - 새로운 토큰이 발급되었습니다.
2025-03-28 08:56:42,617 - services.token_service - INFO - line 128 - 토큰이 유효합니다.
2025-03-28 09:00:22,870 - services.token_service - INFO - line 128 - 토큰이 유효합니다.
2025-03-28 09:00:41,951 - services.token_service - INFO - line 128 - 토큰이 유효합니다.
2025-03-28 09:03:20,528 - services.token_service - INFO - line 128 - 토큰이 유효합니다.
2025-03-28 09:05:49,719 - services.token_service - INFO - line 128 - 토큰이 유효합니다.
2025-03-28 09:07:32,574 - services.token_service - INFO - line 128 - 토큰이 유효합니다.
2025-03-28 09:11:02,718 - services.token_service - INFO - line 128 - 토큰이 유효합니다.
2025-03-28 09:26:38,604 - services.token_service - INFO - line 128 - 토큰이 유효합니다.
2025-03-28 09:41:51,582 - services.token_service - INFO - line 128 - 토큰이 유효합니다.
2025-03-28 09:42:23,688 - services.token_service - INFO - line 128 - 토큰이 유효합니다.
2025-03-28 09:42:44,134 - services.token_service - INFO - line 128 - 토큰이 유효합니다.
2025-03-28 09:42:59,847 - services.token_service - INFO - line 128 - 토큰이 유효합니다.
2025-03-28 09:49:04,566 - services.token_service - INFO - line 128 - 토큰이 유효합니다.
2025-03-28 09:49:20,654 - services.token_service - INFO - line 128 - 토큰이 유효합니다.
2025-03-28 09:52:05,441 - services.token_service - INFO - line 128 - 토큰이 유효합니다.
2025-03-28 09:53:57,505 - services.token_service - INFO - line 128 - 토큰이 유효합니다.
2025-03-28 09:57:22,367 - services.token_service - INFO - line 128 - 토큰이 유효합니다.
2025-03-28 10:01:17,788 - services.token_service - INFO - line 128 - 토큰이 유효합니다.
2025-03-28 10:03:43,724 - services.token_service - INFO - line 128 - 토큰이 유효합니다.
2025-03-28 10:10:03,776 - services.token_service - INFO - line 128 - 토큰이 유효합니다.
2025-03-28 10:11:06,845 - services.token_service - INFO - line 128 - 토큰이 유효합니다.
2025-03-28 10:20:23,480 - services.token_service - INFO - line 128 - 토큰이 유효합니다.
2025-03-28 11:15:26,777 - services.token_service - INFO - line 128 - 토큰이 유효합니다.
2025-03-28 11:18:16,841 - services.token_service - INFO - line 128 - 토큰이 유효합니다.
2025-03-28 11:20:18,962 - services.token_service - INFO - line 128 - 토큰이 유효합니다.
2025-03-28 11:22:28,788 - services.token_service - INFO - line 128 - 토큰이 유효합니다.
2025-03-28 11:23:25,822 - services.token_service - INFO - line 128 - 토큰이 유효합니다.
2025-03-28 11:24:55,201 - services.token_service - INFO - line 128 - 토큰이 유효합니다.
2025-03-28 11:25:55,177 - services.token_service - INFO - line 128 - 토큰이 유효합니다.
2025-03-28 11:27:25,189 - services.token_service - INFO - line 128 - 토큰이 유효합니다.
2025-03-28 11:40:30,845 - services.token_service - INFO - line 128 - 토큰이 유효합니다.
2025-03-28 11:44:45,447 - services.token_service - INFO - line 128 - 토큰이 유효합니다.
2025-03-28 11:52:42,885 - services.token_service - INFO - line 128 - 토큰이 유효합니다.
2025-03-28 11:54:50,682 - services.token_service - INFO - line 128 - 토큰이 유효합니다.
2025-03-28 11:58:25,722 - services.token_service - INFO - line 128 - 토큰이 유효합니다.
2025-03-28 12:05:05,650 - services.token_service - INFO - line 128 - 토큰이 유효합니다.
2025-03-28 12:10:16,139 - services.token_service - INFO - line 128 - 토큰이 유효합니다.
